This file contains any messages produced by compilers while
running configure, to aid debugging if configure makes a mistake.

It was created by LIBCDADA configure v0.3.2, which was
generated by GNU Autoconf 2.69.  Invocation command line was

  $ /usr/local/pmacct-1.7.6/src/external_libs/libcdada/configure --disable-shared --host= --enable-silent-rules --prefix=/usr/local/pmacct-1.7.6/src/external_libs/rootfs

## --------- ##
## Platform. ##
## --------- ##

hostname = final-bgp-monitor
uname -m = x86_64
uname -r = 5.4.0-88-generic
uname -s = Linux
uname -v = #99-Ubuntu SMP Thu Sep 23 17:29:00 UTC 2021

/usr/bin/uname -p = x86_64
/bin/uname -X     = unknown

/bin/arch              = x86_64
/usr/bin/arch -k       = unknown
/usr/convex/getsysinfo = unknown
/usr/bin/hostinfo      = unknown
/bin/machine           = unknown
/usr/bin/oslevel       = unknown
/bin/universe          = unknown

PATH: /usr/local/sbin
PATH: /usr/local/bin
PATH: /usr/sbin
PATH: /usr/bin
PATH: /sbin
PATH: /bin
PATH: /snap/bin


## ----------- ##
## Core tests. ##
## ----------- ##

configure:2445: checking for a BSD-compatible install
configure:2513: result: /usr/bin/install -c
configure:2524: checking whether build environment is sane
configure:2579: result: yes
configure:2728: checking for a thread-safe mkdir -p
configure:2767: result: /usr/bin/mkdir -p
configure:2774: checking for gawk
configure:2790: found /usr/bin/gawk
configure:2801: result: gawk
configure:2812: checking whether make sets $(MAKE)
configure:2834: result: yes
configure:2863: checking whether make supports nested variables
configure:2880: result: yes
configure:3011: checking whether make supports the include directive
configure:3026: make -f confmf.GNU && cat confinc.out
make[4]: Entering directory '/usr/local/pmacct-1.7.6/src/external_libs/libcdada/build'
make[4]: Leaving directory '/usr/local/pmacct-1.7.6/src/external_libs/libcdada/build'
this is the am__doit target
configure:3029: $? = 0
configure:3048: result: yes (GNU style)
configure:3118: checking for gcc
configure:3134: found /usr/bin/gcc
configure:3145: result: gcc
configure:3374: checking for C compiler version
configure:3383: gcc --version >&5
gcc (Ubuntu 9.3.0-17ubuntu1~20.04) 9.3.0
Copyright (C) 2019 Free Software Foundation, Inc.
This is free software; see the source for copying conditions.  There is NO
warranty; not even for MERCHANTABILITY or FITNESS FOR A PARTICULAR PURPOSE.

configure:3394: $? = 0
configure:3383: gcc -v >&5
Using built-in specs.
COLLECT_GCC=gcc
COLLECT_LTO_WRAPPER=/usr/lib/gcc/x86_64-linux-gnu/9/lto-wrapper
OFFLOAD_TARGET_NAMES=nvptx-none:hsa
OFFLOAD_TARGET_DEFAULT=1
Target: x86_64-linux-gnu
Configured with: ../src/configure -v --with-pkgversion='Ubuntu 9.3.0-17ubuntu1~20.04' --with-bugurl=file:///usr/share/doc/gcc-9/README.Bugs --enable-languages=c,ada,c++,go,brig,d,fortran,objc,obj-c++,gm2 --prefix=/usr --with-gcc-major-version-only --program-suffix=-9 --program-prefix=x86_64-linux-gnu- --enable-shared --enable-linker-build-id --libexecdir=/usr/lib --without-included-gettext --enable-threads=posix --libdir=/usr/lib --enable-nls --enable-clocale=gnu --enable-libstdcxx-debug --enable-libstdcxx-time=yes --with-default-libstdcxx-abi=new --enable-gnu-unique-object --disable-vtable-verify --enable-plugin --enable-default-pie --with-system-zlib --with-target-system-zlib=auto --enable-objc-gc=auto --enable-multiarch --disable-werror --with-arch-32=i686 --with-abi=m64 --with-multilib-list=m32,m64,mx32 --enable-multilib --with-tune=generic --enable-offload-targets=nvptx-none=/build/gcc-9-HskZEa/gcc-9-9.3.0/debian/tmp-nvptx/usr,hsa --without-cuda-driver --enable-checking=release --build=x86_64-linux-gnu --host=x86_64-linux-gnu --target=x86_64-linux-gnu
Thread model: posix
gcc version 9.3.0 (Ubuntu 9.3.0-17ubuntu1~20.04) 
configure:3394: $? = 0
configure:3383: gcc -V >&5
gcc: error: unrecognized command line option '-V'
gcc: fatal error: no input files
compilation terminated.
configure:3394: $? = 1
configure:3383: gcc -qversion >&5
gcc: error: unrecognized command line option '-qversion'; did you mean '--version'?
gcc: fatal error: no input files
compilation terminated.
configure:3394: $? = 1
configure:3414: checking whether the C compiler works
configure:3436: gcc    conftest.c  >&5
configure:3440: $? = 0
configure:3488: result: yes
configure:3491: checking for C compiler default output file name
configure:3493: result: a.out
configure:3499: checking for suffix of executables
configure:3506: gcc -o conftest    conftest.c  >&5
configure:3510: $? = 0
configure:3532: result: 
configure:3554: checking whether we are cross compiling
configure:3562: gcc -o conftest    conftest.c  >&5
configure:3566: $? = 0
configure:3573: ./conftest
configure:3577: $? = 0
configure:3565: result: no
configure:3570: checking for suffix of object files
configure:3592: gcc -c   conftest.c >&5
configure:3596: $? = 0
configure:3617: result: o
configure:3621: checking whether we are using the GNU C compiler
configure:3640: gcc -c   conftest.c >&5
configure:3640: $? = 0
configure:3649: result: yes
configure:3658: checking whether gcc accepts -g
configure:3678: gcc -c -g  conftest.c >&5
configure:3678: $? = 0
configure:3719: result: yes
configure:3736: checking for gcc option to accept ISO C89
configure:3799: gcc  -c -g -O2  conftest.c >&5
configure:3799: $? = 0
configure:3812: result: none needed
configure:3837: checking whether gcc understands -c and -o together
configure:3859: gcc -c conftest.c -o conftest2.o
configure:3862: $? = 0
configure:3859: gcc -c conftest.c -o conftest2.o
configure:3862: $? = 0
configure:3874: result: yes
configure:3893: checking dependency style of gcc
configure:4004: result: gcc3
configure:4025: checking how to run the C preprocessor
configure:4056: gcc -E  conftest.c
configure:4056: $? = 0
configure:4070: gcc -E  conftest.c
conftest.c:11:10: fatal error: ac_nonexistent.h: No such file or directory
   11 | #include <ac_nonexistent.h>
      |          ^~~~~~~~~~~~~~~~~~
compilation terminated.
configure:4070: $? = 1
configure: failed program was:
| /* confdefs.h */
| #define PACKAGE_NAME "LIBCDADA"
| #define PACKAGE_TARNAME "libcdada"
| #define PACKAGE_VERSION "v0.3.2"
| #define PACKAGE_STRING "LIBCDADA v0.3.2"
| #define PACKAGE_BUGREPORT "marcdevel@gmail.com"
| #define PACKAGE_URL "http://github.com/msune/libcdada"
| #define PACKAGE "libcdada"
| #define VERSION "v0.3.2"
| /* end confdefs.h.  */
| #include <ac_nonexistent.h>
configure:4095: result: gcc -E
configure:4115: gcc -E  conftest.c
configure:4115: $? = 0
configure:4129: gcc -E  conftest.c
conftest.c:11:10: fatal error: ac_nonexistent.h: No such file or directory
   11 | #include <ac_nonexistent.h>
      |          ^~~~~~~~~~~~~~~~~~
compilation terminated.
configure:4129: $? = 1
configure: failed program was:
| /* confdefs.h */
| #define PACKAGE_NAME "LIBCDADA"
| #define PACKAGE_TARNAME "libcdada"
| #define PACKAGE_VERSION "v0.3.2"
| #define PACKAGE_STRING "LIBCDADA v0.3.2"
| #define PACKAGE_BUGREPORT "marcdevel@gmail.com"
| #define PACKAGE_URL "http://github.com/msune/libcdada"
| #define PACKAGE "libcdada"
| #define VERSION "v0.3.2"
| /* end confdefs.h.  */
| #include <ac_nonexistent.h>
configure:4158: checking for grep that handles long lines and -e
configure:4216: result: /usr/bin/grep
configure:4221: checking for egrep
configure:4283: result: /usr/bin/grep -E
configure:4288: checking for ANSI C header files
configure:4308: gcc -c -g -O2  conftest.c >&5
configure:4308: $? = 0
configure:4381: gcc -o conftest -g -O2   conftest.c  >&5
configure:4381: $? = 0
configure:4381: ./conftest
configure:4381: $? = 0
configure:4392: result: yes
configure:4405: checking for sys/types.h
configure:4405: gcc -c -g -O2  conftest.c >&5
configure:4405: $? = 0
configure:4405: result: yes
configure:4405: checking for sys/stat.h
configure:4405: gcc -c -g -O2  conftest.c >&5
configure:4405: $? = 0
configure:4405: result: yes
configure:4405: checking for stdlib.h
configure:4405: gcc -c -g -O2  conftest.c >&5
configure:4405: $? = 0
configure:4405: result: yes
configure:4405: checking for string.h
configure:4405: gcc -c -g -O2  conftest.c >&5
configure:4405: $? = 0
configure:4405: result: yes
configure:4405: checking for memory.h
configure:4405: gcc -c -g -O2  conftest.c >&5
configure:4405: $? = 0
configure:4405: result: yes
configure:4405: checking for strings.h
configure:4405: gcc -c -g -O2  conftest.c >&5
configure:4405: $? = 0
configure:4405: result: yes
configure:4405: checking for inttypes.h
configure:4405: gcc -c -g -O2  conftest.c >&5
configure:4405: $? = 0
configure:4405: result: yes
configure:4405: checking for stdint.h
configure:4405: gcc -c -g -O2  conftest.c >&5
configure:4405: $? = 0
configure:4405: result: yes
configure:4405: checking for unistd.h
configure:4405: gcc -c -g -O2  conftest.c >&5
configure:4405: $? = 0
configure:4405: result: yes
configure:4418: checking minix/config.h usability
configure:4418: gcc -c -g -O2  conftest.c >&5
conftest.c:54:10: fatal error: minix/config.h: No such file or directory
   54 | #include <minix/config.h>
      |          ^~~~~~~~~~~~~~~~
compilation terminated.
configure:4418: $? = 1
configure: failed program was:
| /* confdefs.h */
| #define PACKAGE_NAME "LIBCDADA"
| #define PACKAGE_TARNAME "libcdada"
| #define PACKAGE_VERSION "v0.3.2"
| #define PACKAGE_STRING "LIBCDADA v0.3.2"
| #define PACKAGE_BUGREPORT "marcdevel@gmail.com"
| #define PACKAGE_URL "http://github.com/msune/libcdada"
| #define PACKAGE "libcdada"
| #define VERSION "v0.3.2"
| #define STDC_HEADERS 1
| #define HAVE_SYS_TYPES_H 1
| #define HAVE_SYS_STAT_H 1
| #define HAVE_STDLIB_H 1
| #define HAVE_STRING_H 1
| #define HAVE_MEMORY_H 1
| #define HAVE_STRINGS_H 1
| #define HAVE_INTTYPES_H 1
| #define HAVE_STDINT_H 1
| #define HAVE_UNISTD_H 1
| /* end confdefs.h.  */
| #include <stdio.h>
| #ifdef HAVE_SYS_TYPES_H
| # include <sys/types.h>
| #endif
| #ifdef HAVE_SYS_STAT_H
| # include <sys/stat.h>
| #endif
| #ifdef STDC_HEADERS
| # include <stdlib.h>
| # include <stddef.h>
| #else
| # ifdef HAVE_STDLIB_H
| #  include <stdlib.h>
| # endif
| #endif
| #ifdef HAVE_STRING_H
| # if !defined STDC_HEADERS && defined HAVE_MEMORY_H
| #  include <memory.h>
| # endif
| # include <string.h>
| #endif
| #ifdef HAVE_STRINGS_H
| # include <strings.h>
| #endif
| #ifdef HAVE_INTTYPES_H
| # include <inttypes.h>
| #endif
| #ifdef HAVE_STDINT_H
| # include <stdint.h>
| #endif
| #ifdef HAVE_UNISTD_H
| # include <unistd.h>
| #endif
| #include <minix/config.h>
configure:4418: result: no
configure:4418: checking minix/config.h presence
configure:4418: gcc -E  conftest.c
conftest.c:21:10: fatal error: minix/config.h: No such file or directory
   21 | #include <minix/config.h>
      |          ^~~~~~~~~~~~~~~~
compilation terminated.
configure:4418: $? = 1
configure: failed program was:
| /* confdefs.h */
| #define PACKAGE_NAME "LIBCDADA"
| #define PACKAGE_TARNAME "libcdada"
| #define PACKAGE_VERSION "v0.3.2"
| #define PACKAGE_STRING "LIBCDADA v0.3.2"
| #define PACKAGE_BUGREPORT "marcdevel@gmail.com"
| #define PACKAGE_URL "http://github.com/msune/libcdada"
| #define PACKAGE "libcdada"
| #define VERSION "v0.3.2"
| #define STDC_HEADERS 1
| #define HAVE_SYS_TYPES_H 1
| #define HAVE_SYS_STAT_H 1
| #define HAVE_STDLIB_H 1
| #define HAVE_STRING_H 1
| #define HAVE_MEMORY_H 1
| #define HAVE_STRINGS_H 1
| #define HAVE_INTTYPES_H 1
| #define HAVE_STDINT_H 1
| #define HAVE_UNISTD_H 1
| /* end confdefs.h.  */
| #include <minix/config.h>
configure:4418: result: no
configure:4418: checking for minix/config.h
configure:4418: result: no
configure:4439: checking whether it is safe to define __EXTENSIONS__
configure:4457: gcc -c -g -O2  conftest.c >&5
configure:4457: $? = 0
configure:4464: result: yes
configure:4529: checking for gcc
configure:4556: result: gcc
configure:4785: checking for C compiler version
configure:4794: gcc --version >&5
gcc (Ubuntu 9.3.0-17ubuntu1~20.04) 9.3.0
Copyright (C) 2019 Free Software Foundation, Inc.
This is free software; see the source for copying conditions.  There is NO
warranty; not even for MERCHANTABILITY or FITNESS FOR A PARTICULAR PURPOSE.

configure:4805: $? = 0
configure:4794: gcc -v >&5
Using built-in specs.
COLLECT_GCC=gcc
COLLECT_LTO_WRAPPER=/usr/lib/gcc/x86_64-linux-gnu/9/lto-wrapper
OFFLOAD_TARGET_NAMES=nvptx-none:hsa
OFFLOAD_TARGET_DEFAULT=1
Target: x86_64-linux-gnu
Configured with: ../src/configure -v --with-pkgversion='Ubuntu 9.3.0-17ubuntu1~20.04' --with-bugurl=file:///usr/share/doc/gcc-9/README.Bugs --enable-languages=c,ada,c++,go,brig,d,fortran,objc,obj-c++,gm2 --prefix=/usr --with-gcc-major-version-only --program-suffix=-9 --program-prefix=x86_64-linux-gnu- --enable-shared --enable-linker-build-id --libexecdir=/usr/lib --without-included-gettext --enable-threads=posix --libdir=/usr/lib --enable-nls --enable-clocale=gnu --enable-libstdcxx-debug --enable-libstdcxx-time=yes --with-default-libstdcxx-abi=new --enable-gnu-unique-object --disable-vtable-verify --enable-plugin --enable-default-pie --with-system-zlib --with-target-system-zlib=auto --enable-objc-gc=auto --enable-multiarch --disable-werror --with-arch-32=i686 --with-abi=m64 --with-multilib-list=m32,m64,mx32 --enable-multilib --with-tune=generic --enable-offload-targets=nvptx-none=/build/gcc-9-HskZEa/gcc-9-9.3.0/debian/tmp-nvptx/usr,hsa --without-cuda-driver --enable-checking=release --build=x86_64-linux-gnu --host=x86_64-linux-gnu --target=x86_64-linux-gnu
Thread model: posix
gcc version 9.3.0 (Ubuntu 9.3.0-17ubuntu1~20.04) 
configure:4805: $? = 0
configure:4794: gcc -V >&5
gcc: error: unrecognized command line option '-V'
gcc: fatal error: no input files
compilation terminated.
configure:4805: $? = 1
configure:4794: gcc -qversion >&5
gcc: error: unrecognized command line option '-qversion'; did you mean '--version'?
gcc: fatal error: no input files
compilation terminated.
configure:4805: $? = 1
configure:4809: checking whether we are using the GNU C compiler
configure:4837: result: yes
configure:4846: checking whether gcc accepts -g
configure:4907: result: yes
configure:4924: checking for gcc option to accept ISO C89
configure:5000: result: none needed
configure:5025: checking whether gcc understands -c and -o together
configure:5062: result: yes
configure:5081: checking dependency style of gcc
configure:5192: result: gcc3
configure:5265: checking for g++
configure:5281: found /usr/bin/g++
configure:5292: result: g++
configure:5319: checking for C++ compiler version
configure:5328: g++ --version >&5
g++ (Ubuntu 9.3.0-17ubuntu1~20.04) 9.3.0
Copyright (C) 2019 Free Software Foundation, Inc.
This is free software; see the source for copying conditions.  There is NO
warranty; not even for MERCHANTABILITY or FITNESS FOR A PARTICULAR PURPOSE.

configure:5339: $? = 0
configure:5328: g++ -v >&5
Using built-in specs.
COLLECT_GCC=g++
COLLECT_LTO_WRAPPER=/usr/lib/gcc/x86_64-linux-gnu/9/lto-wrapper
OFFLOAD_TARGET_NAMES=nvptx-none:hsa
OFFLOAD_TARGET_DEFAULT=1
Target: x86_64-linux-gnu
Configured with: ../src/configure -v --with-pkgversion='Ubuntu 9.3.0-17ubuntu1~20.04' --with-bugurl=file:///usr/share/doc/gcc-9/README.Bugs --enable-languages=c,ada,c++,go,brig,d,fortran,objc,obj-c++,gm2 --prefix=/usr --with-gcc-major-version-only --program-suffix=-9 --program-prefix=x86_64-linux-gnu- --enable-shared --enable-linker-build-id --libexecdir=/usr/lib --without-included-gettext --enable-threads=posix --libdir=/usr/lib --enable-nls --enable-clocale=gnu --enable-libstdcxx-debug --enable-libstdcxx-time=yes --with-default-libstdcxx-abi=new --enable-gnu-unique-object --disable-vtable-verify --enable-plugin --enable-default-pie --with-system-zlib --with-target-system-zlib=auto --enable-objc-gc=auto --enable-multiarch --disable-werror --with-arch-32=i686 --with-abi=m64 --with-multilib-list=m32,m64,mx32 --enable-multilib --with-tune=generic --enable-offload-targets=nvptx-none=/build/gcc-9-HskZEa/gcc-9-9.3.0/debian/tmp-nvptx/usr,hsa --without-cuda-driver --enable-checking=release --build=x86_64-linux-gnu --host=x86_64-linux-gnu --target=x86_64-linux-gnu
Thread model: posix
gcc version 9.3.0 (Ubuntu 9.3.0-17ubuntu1~20.04) 
configure:5339: $? = 0
configure:5328: g++ -V >&5
g++: error: unrecognized command line option '-V'
g++: fatal error: no input files
compilation terminated.
configure:5339: $? = 1
configure:5328: g++ -qversion >&5
g++: error: unrecognized command line option '-qversion'; did you mean '--version'?
g++: fatal error: no input files
compilation terminated.
configure:5339: $? = 1
configure:5343: checking whether we are using the GNU C++ compiler
configure:5362: g++ -c   conftest.cpp >&5
configure:5362: $? = 0
configure:5371: result: yes
configure:5380: checking whether g++ accepts -g
configure:5400: g++ -c -g  conftest.cpp >&5
configure:5400: $? = 0
configure:5441: result: yes
configure:5466: checking dependency style of g++
configure:5577: result: gcc3
configure:5596: checking build system type
configure:5610: result: x86_64-pc-linux-gnu
configure:5630: checking host system type
configure:5643: result: x86_64-pc-linux-gnu
configure:5663: checking for a sed that does not truncate output
configure:5727: result: /usr/bin/sed
configure:5745: checking for fgrep
configure:5807: result: /usr/bin/grep -F
configure:5834: checking how to print strings
configure:5861: result: printf
configure:5894: checking for ld used by gcc
configure:5961: result: /usr/bin/ld
configure:5968: checking if the linker (/usr/bin/ld) is GNU ld
configure:5983: result: yes
configure:6045: checking for ar
configure:6061: found /usr/bin/ar
configure:6072: result: ar
configure:6098: checking the archiver (ar) interface
configure:6114: gcc -c -g -O2  conftest.c >&5
configure:6114: $? = 0
configure:6116: ar cru libconftest.a conftest.o >&5
ar: `u' modifier ignored since `D' is the default (see `U')
configure:6119: $? = 0
configure:6118: result: ar
configure:6149: checking whether make supports nested variables
configure:6166: result: yes
configure:6224: checking for BSD- or MS-compatible name lister (nm)
configure:6278: result: /usr/bin/nm -B
configure:6408: checking the name lister (/usr/bin/nm -B) interface
configure:6415: gcc -c -g -O2  conftest.c >&5
configure:6418: /usr/bin/nm -B "conftest.o"
configure:6421: output
0000000000000000 B some_variable
configure:6422: result: BSD nm
configure:6425: checking whether ln -s works
configure:6429: result: yes
configure:6437: checking the maximum length of command line arguments
configure:6568: result: 1572864
configure:6616: checking how to convert x86_64-pc-linux-gnu file names to x86_64-pc-linux-gnu format
configure:6656: result: func_convert_file_noop
configure:6663: checking how to convert x86_64-pc-linux-gnu file names to toolchain format
configure:6683: result: func_convert_file_noop
configure:6690: checking for /usr/bin/ld option to reload object files
configure:6697: result: -r
configure:6771: checking for objdump
configure:6787: found /usr/bin/objdump
configure:6798: result: objdump
configure:6830: checking how to recognize dependent libraries
configure:7030: result: pass_all
configure:7115: checking for dlltool
configure:7145: result: no
configure:7175: checking how to associate runtime and link libraries
configure:7202: result: printf %s\n
configure:7326: checking for archiver @FILE support
configure:7343: gcc -c -g -O2  conftest.c >&5
configure:7343: $? = 0
configure:7346: ar cr libconftest.a @conftest.lst >&5
configure:7349: $? = 0
configure:7354: ar cr libconftest.a @conftest.lst >&5
ar: conftest.o: No such file or directory
configure:7357: $? = 1
configure:7356: result: @
configure:7414: checking for strip
configure:7430: found /usr/bin/strip
configure:7441: result: strip
configure:7513: checking for ranlib
configure:7529: found /usr/bin/ranlib
configure:7540: result: ranlib
configure:7642: checking command to parse /usr/bin/nm -B output from gcc object
configure:7795: gcc -c -g -O2  conftest.c >&5
configure:7798: $? = 0
configure:7802: /usr/bin/nm -B conftest.o | sed -n -e 's/^.*[	 ]\([ABCDGIRSTW][ABCDGIRSTW]*\)[	 ][	 ]*\([_A-Za-z][_A-Za-z0-9]*\)$/\1 \2 \2/p' | sed '/ __gnu_lto/d' > conftest.nm
configure:7868: gcc -o conftest -g -O2   conftest.c conftstm.o >&5
configure:7871: $? = 0
configure:7909: result: ok
configure:7956: checking for sysroot
configure:7986: result: no
configure:7993: checking for a working dd
configure:8031: result: /usr/bin/dd
configure:8035: checking how to truncate binary pipes
configure:8050: result: /usr/bin/dd bs=4096 count=1
configure:8186: gcc -c -g -O2  conftest.c >&5
configure:8189: $? = 0
configure:8379: checking for mt
configure:8395: found /usr/bin/mt
configure:8406: result: mt
configure:8429: checking if mt is a manifest tool
configure:8435: mt '-?'
configure:8443: result: no
configure:9117: checking for dlfcn.h
configure:9117: gcc -c -g -O2  conftest.c >&5
configure:9117: $? = 0
configure:9117: result: yes
configure:9384: checking for objdir
configure:9399: result: .libs
configure:9663: checking if gcc supports -fno-rtti -fno-exceptions
configure:9681: gcc -c -g -O2  -fno-rtti -fno-exceptions conftest.c >&5
cc1: warning: command line option '-fno-rtti' is valid for C++/D/ObjC++ but not for C
configure:9685: $? = 0
configure:9698: result: no
configure:10062: checking for gcc option to produce PIC
configure:10069: result: -fPIC -DPIC
configure:10077: checking if gcc PIC flag -fPIC -DPIC works
configure:10095: gcc -c -g -O2  -fPIC -DPIC -DPIC conftest.c >&5
configure:10099: $? = 0
configure:10112: result: yes
configure:10141: checking if gcc static flag -static works
configure:10169: result: yes
configure:10184: checking if gcc supports -c -o file.o
configure:10205: gcc -c -g -O2  -o out/conftest2.o conftest.c >&5
configure:10209: $? = 0
configure:10231: result: yes
configure:10239: checking if gcc supports -c -o file.o
configure:10286: result: yes
configure:10319: checking whether the gcc linker (/usr/bin/ld -m elf_x86_64) supports shared libraries
configure:11582: result: yes
configure:11822: checking dynamic linker characteristics
configure:12403: gcc -o conftest -g -O2   -Wl,-rpath -Wl,/foo conftest.c  >&5
configure:12403: $? = 0
configure:12652: result: GNU/Linux ld.so
configure:12774: checking how to hardcode library paths into programs
configure:12799: result: immediate
configure:13347: checking whether stripping libraries is possible
configure:13352: result: yes
configure:13387: checking if libtool supports shared libraries
configure:13389: result: yes
configure:13392: checking whether to build shared libraries
configure:13417: result: no
configure:13420: checking whether to build static libraries
configure:13424: result: yes
configure:10223: checking how to run the C++ preprocessor
configure:10250: g++ -E  conftest.cpp
configure:10250: $? = 0
configure:10264: g++ -E  conftest.cpp
conftest.cpp:28:10: fatal error: ac_nonexistent.h: No such file or directory
   28 | #include <ac_nonexistent.h>
      |          ^~~~~~~~~~~~~~~~~~
compilation terminated.
configure:10264: $? = 1
configure: failed program was:
| /* confdefs.h */
| #define PACKAGE_NAME "LIBCDADA"
| #define PACKAGE_TARNAME "libcdada"
| #define PACKAGE_VERSION "v0.3.2"
| #define PACKAGE_STRING "LIBCDADA v0.3.2"
| #define PACKAGE_BUGREPORT "marcdevel@gmail.com"
| #define PACKAGE_URL "http://github.com/msune/libcdada"
| #define PACKAGE "libcdada"
| #define VERSION "v0.3.2"
| #define STDC_HEADERS 1
| #define HAVE_SYS_TYPES_H 1
| #define HAVE_SYS_STAT_H 1
| #define HAVE_STDLIB_H 1
| #define HAVE_STRING_H 1
| #define HAVE_MEMORY_H 1
| #define HAVE_STRINGS_H 1
| #define HAVE_INTTYPES_H 1
| #define HAVE_STDINT_H 1
| #define HAVE_UNISTD_H 1
| #define __EXTENSIONS__ 1
| #define _ALL_SOURCE 1
| #define _GNU_SOURCE 1
| #define _POSIX_PTHREAD_SEMANTICS 1
| #define _TANDEM_SOURCE 1
| #define HAVE_DLFCN_H 1
| #define LT_OBJDIR ".libs/"
| /* end confdefs.h.  */
| #include <ac_nonexistent.h>
configure:10289: result: g++ -E
configure:10309: g++ -E  conftest.cpp
configure:10309: $? = 0
configure:10323: g++ -E  conftest.cpp
conftest.cpp:28:10: fatal error: ac_nonexistent.h: No such file or directory
   28 | #include <ac_nonexistent.h>
      |          ^~~~~~~~~~~~~~~~~~
compilation terminated.
configure:10323: $? = 1
configure: failed program was:
| /* confdefs.h */
| #define PACKAGE_NAME "LIBCDADA"
| #define PACKAGE_TARNAME "libcdada"
| #define PACKAGE_VERSION "v0.3.2"
| #define PACKAGE_STRING "LIBCDADA v0.3.2"
| #define PACKAGE_BUGREPORT "marcdevel@gmail.com"
| #define PACKAGE_URL "http://github.com/msune/libcdada"
| #define PACKAGE "libcdada"
| #define VERSION "v0.3.2"
| #define STDC_HEADERS 1
| #define HAVE_SYS_TYPES_H 1
| #define HAVE_SYS_STAT_H 1
| #define HAVE_STDLIB_H 1
| #define HAVE_STRING_H 1
| #define HAVE_MEMORY_H 1
| #define HAVE_STRINGS_H 1
| #define HAVE_INTTYPES_H 1
| #define HAVE_STDINT_H 1
| #define HAVE_UNISTD_H 1
| #define __EXTENSIONS__ 1
| #define _ALL_SOURCE 1
| #define _GNU_SOURCE 1
| #define _POSIX_PTHREAD_SEMANTICS 1
| #define _TANDEM_SOURCE 1
| #define HAVE_DLFCN_H 1
| #define LT_OBJDIR ".libs/"
| /* end confdefs.h.  */
| #include <ac_nonexistent.h>
configure:10485: checking for ld used by g++
configure:10552: result: /usr/bin/ld -m elf_x86_64
configure:10559: checking if the linker (/usr/bin/ld -m elf_x86_64) is GNU ld
configure:10574: result: yes
configure:10629: checking whether the g++ linker (/usr/bin/ld -m elf_x86_64) supports shared libraries
configure:11702: result: yes
configure:11738: g++ -c -g -O2  conftest.cpp >&5
configure:11741: $? = 0
configure:12222: checking for g++ option to produce PIC
configure:12229: result: -fPIC -DPIC
configure:12237: checking if g++ PIC flag -fPIC -DPIC works
configure:12255: g++ -c -g -O2  -fPIC -DPIC -DPIC conftest.cpp >&5
configure:12259: $? = 0
configure:12272: result: yes
configure:12295: checking if g++ static flag -static works
configure:12323: result: yes
configure:12335: checking if g++ supports -c -o file.o
configure:12356: g++ -c -g -O2  -o out/conftest2.o conftest.cpp >&5
configure:12360: $? = 0
configure:12382: result: yes
configure:12387: checking if g++ supports -c -o file.o
configure:12434: result: yes
configure:12464: checking whether the g++ linker (/usr/bin/ld -m elf_x86_64) supports shared libraries
configure:12507: result: yes
configure:12648: checking dynamic linker characteristics
configure:13405: result: GNU/Linux ld.so
configure:13470: checking how to hardcode library paths into programs
configure:13495: result: immediate
configure:12459: checking for a Python interpreter with version >= 3
configure:12476: python -c import sys # split strings by '.' and convert to numeric. Append some zeros # because we need at least 4 digits for the hex conversion. # map returns an iterator in Python 3.0 and a list in 2.x minver = list(map(int, '3'.split('.'))) + [0, 0, 0] minverhex = 0 # xrange is not present in Python 3.0 and range returns an iterator for i in list(range(0, 4)): minverhex = (minverhex << 8) + minver[i] sys.exit(sys.hexversion < minverhex)
/usr/local/pmacct-1.7.6/src/external_libs/libcdada/configure: line 12477: python: command not found
configure:12479: $? = 127
configure:12476: python2 -c import sys # split strings by '.' and convert to numeric. Append some zeros # because we need at least 4 digits for the hex conversion. # map returns an iterator in Python 3.0 and a list in 2.x minver = list(map(int, '3'.split('.'))) + [0, 0, 0] minverhex = 0 # xrange is not present in Python 3.0 and range returns an iterator for i in list(range(0, 4)): minverhex = (minverhex << 8) + minver[i] sys.exit(sys.hexversion < minverhex)
/usr/local/pmacct-1.7.6/src/external_libs/libcdada/configure: line 12477: python2: command not found
configure:12479: $? = 127
configure:12476: python3 -c import sys # split strings by '.' and convert to numeric. Append some zeros # because we need at least 4 digits for the hex conversion. # map returns an iterator in Python 3.0 and a list in 2.x minver = list(map(int, '3'.split('.'))) + [0, 0, 0] minverhex = 0 # xrange is not present in Python 3.0 and range returns an iterator for i in list(range(0, 4)): minverhex = (minverhex << 8) + minver[i] sys.exit(sys.hexversion < minverhex)
configure:12479: $? = 0
configure:12485: result: python3
configure:12493: checking for python3
configure:12511: found /usr/bin/python3
configure:12523: result: /usr/bin/python3
configure:12541: checking for python3 version
configure:12548: result: 3.8
configure:12560: checking for python3 platform
configure:12567: result: linux
configure:12593: checking for python3 script directory
configure:12628: result: ${prefix}/lib/python3.8/site-packages
configure:12637: checking for python3 extension module directory
configure:12672: result: ${exec_prefix}/lib/python3.8/site-packages
configure:12696: checking whether to enable debug mode
configure:12720: result: no
configure:12737: checking whether to enable profiling mode
configure:12756: result: no
configure:12770: checking for git
configure:12786: found /usr/bin/git
configure:12798: result: yes
configure:12816: checking the build version
configure:12818: result: v0.3.2 (0.3.2)
configure:12821: checking the build number
configure:12844: result: 
configure:12922: checking whether to enable Valgrind on the unit tests
configure:12935: checking for valgrind
configure:12965: result: no
configure:12990: result: yes
configure:13178: checking whether RDTSC support is available
configure:13195: gcc -o conftest -std=gnu89 -Werror -Wall -g -O2 -O3   conftest.c  >&5
configure:13195: $? = 0
configure:13207: result: yes
configure:13356: checking that generated files are newer than configure
configure:13362: result: done
configure:13405: creating ./config.status

## ---------------------- ##
## Running config.status. ##
## ---------------------- ##

This file was extended by LIBCDADA config.status v0.3.2, which was
generated by GNU Autoconf 2.69.  Invocation command line was

  CONFIG_FILES    = 
  CONFIG_HEADERS  = 
  CONFIG_LINKS    = 
  CONFIG_COMMANDS = 
  $ ./config.status 

on final-bgp-monitor

config.status:1184: creating Makefile
config.status:1184: creating include/Makefile
config.status:1184: creating examples/Makefile
config.status:1184: creating src/Makefile
config.status:1184: creating tools/Makefile
config.status:1184: creating include/cdada/version.h
config.status:1341: executing depfiles commands
config.status:1418: cd examples       && sed -e '/# am--include-marker/d' Makefile         | make -f - am--depfiles
make[4]: Entering directory '/usr/local/pmacct-1.7.6/src/external_libs/libcdada/build/examples'
make[4]: Leaving directory '/usr/local/pmacct-1.7.6/src/external_libs/libcdada/build/examples'
config.status:1423: $? = 0
config.status:1418: cd src       && sed -e '/# am--include-marker/d' Makefile         | make -f - am--depfiles
make[4]: Entering directory '/usr/local/pmacct-1.7.6/src/external_libs/libcdada/build/src'
make[4]: Leaving directory '/usr/local/pmacct-1.7.6/src/external_libs/libcdada/build/src'
config.status:1423: $? = 0
config.status:1341: executing libtool commands

## ---------------- ##
## Cache variables. ##
## ---------------- ##

ac_cv_build=x86_64-pc-linux-gnu
ac_cv_c_compiler_gnu=yes
ac_cv_cxx_compiler_gnu=yes
ac_cv_env_CCC_set=
ac_cv_env_CCC_value=
ac_cv_env_CC_set=
ac_cv_env_CC_value=
ac_cv_env_CFLAGS_set=
ac_cv_env_CFLAGS_value=
ac_cv_env_CPPFLAGS_set=
ac_cv_env_CPPFLAGS_value=
ac_cv_env_CPP_set=
ac_cv_env_CPP_value=
ac_cv_env_CXXCPP_set=
ac_cv_env_CXXCPP_value=
ac_cv_env_CXXFLAGS_set=
ac_cv_env_CXXFLAGS_value=
ac_cv_env_CXX_set=
ac_cv_env_CXX_value=
ac_cv_env_LDFLAGS_set=
ac_cv_env_LDFLAGS_value=
ac_cv_env_LIBS_set=
ac_cv_env_LIBS_value=
ac_cv_env_LT_SYS_LIBRARY_PATH_set=
ac_cv_env_LT_SYS_LIBRARY_PATH_value=
ac_cv_env_PYTHON_set=
ac_cv_env_PYTHON_value=
ac_cv_env_build_alias_set=
ac_cv_env_build_alias_value=
ac_cv_env_host_alias_set=set
ac_cv_env_host_alias_value=
ac_cv_env_target_alias_set=
ac_cv_env_target_alias_value=
ac_cv_header_dlfcn_h=yes
ac_cv_header_inttypes_h=yes
ac_cv_header_memory_h=yes
ac_cv_header_minix_config_h=no
ac_cv_header_stdc=yes
ac_cv_header_stdint_h=yes
ac_cv_header_stdlib_h=yes
ac_cv_header_string_h=yes
ac_cv_header_strings_h=yes
ac_cv_header_sys_stat_h=yes
ac_cv_header_sys_types_h=yes
ac_cv_header_unistd_h=yes
ac_cv_host=x86_64-pc-linux-gnu
ac_cv_objext=o
ac_cv_path_EGREP='/usr/bin/grep -E'
ac_cv_path_FGREP='/usr/bin/grep -F'
ac_cv_path_GREP=/usr/bin/grep
ac_cv_path_PYTHON=/usr/bin/python3
ac_cv_path_SED=/usr/bin/sed
ac_cv_path_install='/usr/bin/install -c'
ac_cv_path_lt_DD=/usr/bin/dd
ac_cv_path_mkdir=/usr/bin/mkdir
ac_cv_prog_AWK=gawk
ac_cv_prog_CPP='gcc -E'
ac_cv_prog_CXXCPP='g++ -E'
ac_cv_prog_ac_ct_AR=ar
ac_cv_prog_ac_ct_CC=gcc
ac_cv_prog_ac_ct_CXX=g++
ac_cv_prog_ac_ct_MANIFEST_TOOL=mt
ac_cv_prog_ac_ct_OBJDUMP=objdump
ac_cv_prog_ac_ct_RANLIB=ranlib
ac_cv_prog_ac_ct_STRIP=strip
ac_cv_prog_cc_c89=
ac_cv_prog_cc_g=yes
ac_cv_prog_cxx_g=yes
ac_cv_prog_ff_git=yes
ac_cv_prog_make_make_set=yes
ac_cv_safe_to_define___extensions__=yes
am_cv_CC_dependencies_compiler_type=gcc3
am_cv_CXX_dependencies_compiler_type=gcc3
am_cv_ar_interface=ar
am_cv_make_support_nested_variables=yes
am_cv_pathless_PYTHON=python3
am_cv_prog_cc_c_o=yes
am_cv_python_platform=linux
am_cv_python_pyexecdir='${exec_prefix}/lib/python3.8/site-packages'
am_cv_python_pythondir='${prefix}/lib/python3.8/site-packages'
am_cv_python_version=3.8
lt_cv_ar_at_file=@
lt_cv_deplibs_check_method=pass_all
lt_cv_file_magic_cmd='$MAGIC_CMD'
lt_cv_file_magic_test_file=
lt_cv_ld_reload_flag=-r
lt_cv_nm_interface='BSD nm'
lt_cv_objdir=.libs
lt_cv_path_LD=/usr/bin/ld
lt_cv_path_LDCXX='/usr/bin/ld -m elf_x86_64'
lt_cv_path_NM='/usr/bin/nm -B'
lt_cv_path_mainfest_tool=no
lt_cv_prog_compiler_c_o=yes
lt_cv_prog_compiler_c_o_CXX=yes
lt_cv_prog_compiler_pic='-fPIC -DPIC'
lt_cv_prog_compiler_pic_CXX='-fPIC -DPIC'
lt_cv_prog_compiler_pic_works=yes
lt_cv_prog_compiler_pic_works_CXX=yes
lt_cv_prog_compiler_rtti_exceptions=no
lt_cv_prog_compiler_static_works=yes
lt_cv_prog_compiler_static_works_CXX=yes
lt_cv_prog_gnu_ld=yes
lt_cv_prog_gnu_ldcxx=yes
lt_cv_sharedlib_from_linklib_cmd='printf %s\n'
lt_cv_shlibpath_overrides_runpath=yes
lt_cv_sys_global_symbol_pipe='sed -n -e '\''s/^.*[	 ]\([ABCDGIRSTW][ABCDGIRSTW]*\)[	 ][	 ]*\([_A-Za-z][_A-Za-z0-9]*\)$/\1 \2 \2/p'\'' | sed '\''/ __gnu_lto/d'\'''
lt_cv_sys_global_symbol_to_c_name_address='sed -n -e '\''s/^: \(.*\) .*$/  {"\1", (void *) 0},/p'\'' -e '\''s/^[ABCDGIRSTW][ABCDGIRSTW]* .* \(.*\)$/  {"\1", (void *) \&\1},/p'\'''
lt_cv_sys_global_symbol_to_c_name_address_lib_prefix='sed -n -e '\''s/^: \(.*\) .*$/  {"\1", (void *) 0},/p'\'' -e '\''s/^[ABCDGIRSTW][ABCDGIRSTW]* .* \(lib.*\)$/  {"\1", (void *) \&\1},/p'\'' -e '\''s/^[ABCDGIRSTW][ABCDGIRSTW]* .* \(.*\)$/  {"lib\1", (void *) \&\1},/p'\'''
lt_cv_sys_global_symbol_to_cdecl='sed -n -e '\''s/^T .* \(.*\)$/extern int \1();/p'\'' -e '\''s/^[ABCDGIRSTW][ABCDGIRSTW]* .* \(.*\)$/extern char \1;/p'\'''
lt_cv_sys_global_symbol_to_import=
lt_cv_sys_max_cmd_len=1572864
lt_cv_to_host_file_cmd=func_convert_file_noop
lt_cv_to_tool_file_cmd=func_convert_file_noop
lt_cv_truncate_bin='/usr/bin/dd bs=4096 count=1'

## ----------------- ##
## Output variables. ##
## ----------------- ##













			$(MAKE) $(AM_MAKEFLAGS) -k check-valgrind-tool VALGRIND_TOOL=$(tool); \
		$(if $(VALGRIND_HAVE_TOOL_$(tool))$(VALGRIND_HAVE_TOOL_exp_$(tool)), \
		) \
		LOG_COMPILER="$(VALGRIND_LOG_COMPILER)" \
		LOG_FLAGS="$(valgrind_$(VALGRIND_TOOL)_flags)" \
		TESTS_ENVIRONMENT="$(VALGRIND_TESTS_ENVIRONMENT)" \
		TEST_SUITE_LOG=test-suite-$(VALGRIND_TOOL).log
	$(MAKE) check-TESTS \
	$(TESTS_ENVIRONMENT) \
	$(VALGRIND) $(VALGRIND_SUPPRESSIONS) --error-exitcode=1 $(VALGRIND_FLAGS)
	$(valgrind_lt) \
	)
	-$(foreach tool,$(valgrind_tools), \
	@echo "Need to reconfigure with --enable-valgrind"
	@echo "Need to reconfigure with --enable-valgrind"
	G_DEBUG=fatal-warnings,fatal-criticals,gc-friendly
	G_SLICE=always-malloc,debug-blocks \
	env VALGRIND=$(VALGRIND) \
#
#    (Default: --num-callers=30)
#    files to load. (Default: empty)
#    memcheck, helgrind, drd, sgcheck). (Default: various)
#  - VALGRIND_$toolname_FLAGS: Flags to pass to Valgrind $toolname (one of:
#  - VALGRIND_FLAGS: General flags to pass to all Valgrind tools.
#  - VALGRIND_SUPPRESSIONS_FILES: Space-separated list of Valgrind suppressions
# Internal use
# Optional variables
# Optional:
# Support running with and without libtool.
# Use recursive makes in order to ignore errors during check
# Valgrind check
# Valgrind running
'
.PHONY: check-valgrind check-valgrind-tool
ACLOCAL='${SHELL} /usr/local/pmacct-1.7.6/src/external_libs/libcdada/build-aux/missing aclocal-1.16'
AMDEPBACKSLASH='\'
AMDEP_FALSE='#'
AMDEP_TRUE=''
AMTAR='$${TAR-tar}'
AM_BACKSLASH='\'
AM_DEFAULT_V='$(AM_DEFAULT_VERBOSITY)'
AM_DEFAULT_VERBOSITY='0'
AM_V='$(V)'
AR='ar'
AUTOCONF='${SHELL} /usr/local/pmacct-1.7.6/src/external_libs/libcdada/build-aux/missing autoconf'
AUTOHEADER='${SHELL} /usr/local/pmacct-1.7.6/src/external_libs/libcdada/build-aux/missing autoheader'
AUTOMAKE='${SHELL} /usr/local/pmacct-1.7.6/src/external_libs/libcdada/build-aux/missing automake-1.16'
AWK='gawk'
CC='gcc'
CCDEPMODE='depmode=gcc3'
CDADA_BRANCH=''
CDADA_BUILD=''
CDADA_DESCRIBE=''
CDADA_VERSION='v0.3.2'
CDADA_VERSION_MAJOR='0'
CDADA_VERSION_MINOR='3'
CDADA_VERSION_NORMALIZED='0.3.2'
CDADA_VERSION_PATCH='2'
CFLAGS='-std=gnu89 -Werror -Wall -g -O2 -O3'
CPP='gcc -E'
CPPFLAGS=''
CXX='g++'
CXXCPP='g++ -E'
CXXDEPMODE='depmode=gcc3'
CXXFLAGS='-Werror -Wall -g -O2 -O3'
CYGPATH_W='echo'
DEBUG_FALSE=''
DEBUG_TRUE='#'
DEFS='-DPACKAGE_NAME=\"LIBCDADA\" -DPACKAGE_TARNAME=\"libcdada\" -DPACKAGE_VERSION=\"v0.3.2\" -DPACKAGE_STRING=\"LIBCDADA\ v0.3.2\" -DPACKAGE_BUGREPORT=\"marcdevel@gmail.com\" -DPACKAGE_URL=\"http://github.com/msune/libcdada\" -DPACKAGE=\"libcdada\" -DVERSION=\"v0.3.2\" -DSTDC_HEADERS=1 -DHAVE_SYS_TYPES_H=1 -DHAVE_SYS_STAT_H=1 -DHAVE_STDLIB_H=1 -DHAVE_STRING_H=1 -DHAVE_MEMORY_H=1 -DHAVE_STRINGS_H=1 -DHAVE_INTTYPES_H=1 -DHAVE_STDINT_H=1 -DHAVE_UNISTD_H=1 -D__EXTENSIONS__=1 -D_ALL_SOURCE=1 -D_GNU_SOURCE=1 -D_POSIX_PTHREAD_SEMANTICS=1 -D_TANDEM_SOURCE=1 -DHAVE_DLFCN_H=1 -DLT_OBJDIR=\".libs/\" -D__STDC_FORMAT_MACROS=/\*\*/ -DNDEBUG=/\*\*/ -DHAVE_RDTSC=/\*\*/'
DEPDIR='.deps'
DISTCHECK_CONFIGURE_FLAGS += --disable-valgrind
DISTCHECK_CONFIGURE_FLAGS ?=
DLLTOOL='false'
DSYMUTIL=''
DUMPBIN=''
ECHO_C=''
ECHO_N='-n'
ECHO_T=''
EGREP='/usr/bin/grep -E'
EXEEXT=''
FGREP='/usr/bin/grep -F'
GREP='/usr/bin/grep'
HAVE_PYTHON_FALSE='#'
HAVE_PYTHON_TRUE=''
INSTALL_DATA='${INSTALL} -m 644'
INSTALL_PROGRAM='${INSTALL}'
INSTALL_SCRIPT='${INSTALL}'
INSTALL_STRIP_PROGRAM='$(install_sh) -c -s'
LD='/usr/bin/ld -m elf_x86_64'
LDFLAGS=''
LIBOBJS=''
LIBS=''
LIBTOOL='$(SHELL) $(top_builddir)/libtool'
LIPO=''
LN_S='ln -s'
LTLIBOBJS=''
LT_SYS_LIBRARY_PATH=''
MAKEINFO='${SHELL} /usr/local/pmacct-1.7.6/src/external_libs/libcdada/build-aux/missing makeinfo'
MANIFEST_TOOL=':'
MKDIR_P='/usr/bin/mkdir -p'
MOSTLYCLEANFILES += $(valgrind_log_files)
MOSTLYCLEANFILES ?=
NM='/usr/bin/nm -B'
NMEDIT=''
OBJDUMP='objdump'
OBJEXT='o'
OTOOL64=''
OTOOL=''
PACKAGE='libcdada'
PACKAGE_BUGREPORT='marcdevel@gmail.com'
PACKAGE_NAME='LIBCDADA'
PACKAGE_STRING='LIBCDADA v0.3.2'
PACKAGE_TARNAME='libcdada'
PACKAGE_URL='http://github.com/msune/libcdada'
PACKAGE_VERSION='v0.3.2'
PATH_SEPARATOR=':'
PYTHON='/usr/bin/python3'
PYTHON_EXEC_PREFIX='${exec_prefix}'
PYTHON_PLATFORM='linux'
PYTHON_PREFIX='${prefix}'
PYTHON_VERSION='3.8'
RANLIB='ranlib'
SED='/usr/bin/sed'
SET_MAKE=''
SHELL='/bin/bash'
STRIP='strip'
VALGRIND=''
VALGRIND_CHECK_RULES='
VALGRIND_ENABLED='yes'
VALGRIND_ENABLED_FALSE='#'
VALGRIND_ENABLED_TRUE=''
VALGRIND_FLAGS ?= --num-callers=30
VALGRIND_HAVE_TOOL_drd=''
VALGRIND_HAVE_TOOL_exp_sgcheck=''
VALGRIND_HAVE_TOOL_helgrind=''
VALGRIND_HAVE_TOOL_memcheck=''
VALGRIND_LOG_COMPILER = \
VALGRIND_SUPPRESSIONS ?= $(addprefix --suppressions=,$(VALGRIND_SUPPRESSIONS_FILES))
VALGRIND_TESTS_ENVIRONMENT = \
VALGRIND_drd_FLAGS ?=
VALGRIND_helgrind_FLAGS ?= --history-level=approx
VALGRIND_memcheck_FLAGS ?= --leak-check=full --show-reachable=no
VALGRIND_sgcheck_FLAGS ?=
VERSION='v0.3.2'
ac_ct_AR='ar'
ac_ct_CC='gcc'
ac_ct_CXX='g++'
ac_ct_DUMPBIN=''
am__EXEEXT_FALSE=''
am__EXEEXT_TRUE='#'
am__fastdepCC_FALSE='#'
am__fastdepCC_TRUE=''
am__fastdepCXX_FALSE='#'
am__fastdepCXX_TRUE=''
am__include='include'
am__isrc=' -I$(srcdir)'
am__leading_dot='.'
am__nodep='_no'
am__quote=''
am__tar='$${TAR-tar} chof - "$$tardir"'
am__untar='$${TAR-tar} xf -'
bindir='${exec_prefix}/bin'
build='x86_64-pc-linux-gnu'
build_alias=''
build_cpu='x86_64'
build_os='linux-gnu'
build_vendor='pc'
check-valgrind-tool:
check-valgrind:
datadir='${datarootdir}'
datarootdir='${prefix}/share'
docdir='${datarootdir}/doc/${PACKAGE_TARNAME}'
dvidir='${docdir}'
else
else
else
endif
endif
endif
exec_prefix='${prefix}'
ff_git='yes'
host='x86_64-pc-linux-gnu'
host_alias=''
host_cpu='x86_64'
host_os='linux-gnu'
host_vendor='pc'
htmldir='${docdir}'
ifeq ($(VALGRIND_ENABLED),yes)
ifeq ($(VALGRIND_ENABLED),yes)
ifneq ($(LIBTOOL),)
includedir='${prefix}/include'
infodir='${datarootdir}/info'
install_sh='${SHELL} /usr/local/pmacct-1.7.6/src/external_libs/libcdada/build-aux/install-sh'
libdir='${exec_prefix}/lib'
libexecdir='${exec_prefix}/libexec'
localedir='${datarootdir}/locale'
localstatedir='${prefix}/var'
mandir='${datarootdir}/man'
mkdir_p='$(MKDIR_P)'
oldincludedir='/usr/include'
pdfdir='${docdir}'
pkgpyexecdir='${pyexecdir}/libcdada'
pkgpythondir='${pythondir}/libcdada'
prefix='/usr/local/pmacct-1.7.6/src/external_libs/rootfs'
program_transform_name='s,x,x,'
psdir='${docdir}'
pyexecdir='${exec_prefix}/lib/python3.8/site-packages'
pythondir='${prefix}/lib/python3.8/site-packages'
runstatedir='${localstatedir}/run'
sbindir='${exec_prefix}/sbin'
sharedstatedir='${prefix}/com'
sysconfdir='${prefix}/etc'
target_alias=''
valgrind_drd_flags = --tool=drd $(VALGRIND_drd_FLAGS)
valgrind_helgrind_flags = --tool=helgrind $(VALGRIND_helgrind_FLAGS)
valgrind_log_files = $(addprefix test-suite-,$(addsuffix .log,$(valgrind_tools)))
valgrind_lt =
valgrind_lt = $(LIBTOOL) $(AM_LIBTOOLFLAGS) $(LIBTOOLFLAGS) --mode=execute
valgrind_memcheck_flags = --tool=memcheck $(VALGRIND_memcheck_FLAGS)
valgrind_quiet = $(valgrind_quiet_$(V))
valgrind_quiet_ = $(valgrind_quiet_$(AM_DEFAULT_VERBOSITY))
valgrind_quiet_0 = --quiet
valgrind_sgcheck_flags = --tool=exp-sgcheck $(VALGRIND_sgcheck_FLAGS)
valgrind_tools = memcheck helgrind drd sgcheck

## ----------- ##
## confdefs.h. ##
## ----------- ##

/* confdefs.h */
#define PACKAGE_NAME "LIBCDADA"
#define PACKAGE_TARNAME "libcdada"
#define PACKAGE_VERSION "v0.3.2"
#define PACKAGE_STRING "LIBCDADA v0.3.2"
#define PACKAGE_BUGREPORT "marcdevel@gmail.com"
#define PACKAGE_URL "http://github.com/msune/libcdada"
#define PACKAGE "libcdada"
#define VERSION "v0.3.2"
#define STDC_HEADERS 1
#define HAVE_SYS_TYPES_H 1
#define HAVE_SYS_STAT_H 1
#define HAVE_STDLIB_H 1
#define HAVE_STRING_H 1
#define HAVE_MEMORY_H 1
#define HAVE_STRINGS_H 1
#define HAVE_INTTYPES_H 1
#define HAVE_STDINT_H 1
#define HAVE_UNISTD_H 1
#define __EXTENSIONS__ 1
#define _ALL_SOURCE 1
#define _GNU_SOURCE 1
#define _POSIX_PTHREAD_SEMANTICS 1
#define _TANDEM_SOURCE 1
#define HAVE_DLFCN_H 1
#define LT_OBJDIR ".libs/"
#define __STDC_FORMAT_MACROS /**/
#define NDEBUG /**/
#define HAVE_RDTSC /**/

configure: exit 0
