[2021-10-11 09:00:04,690] INFO [ProducerStateManager partition=pmacct.bgp-0] Writing producer snapshot at offset 2749943 (kafka.log.ProducerStateManager)
[2021-10-11 09:00:04,694] INFO [Log partition=pmacct.bgp-0, dir=/tmp/kafka-logs] Rolled new log segment at offset 2749943 in 7 ms. (kafka.log.Log)
[2021-10-11 09:02:14,240] INFO [Log partition=pmacct.bgp-0, dir=/tmp/kafka-logs] Deleting segment LogSegment(baseOffset=0, size=1073717564, lastModifiedTime=1633942804676, largestRecordTimestamp=Some(1633942804682)) due to retention time 60000ms breach based on the largest record timestamp in the segment (kafka.log.Log)
[2021-10-11 09:02:14,245] INFO [Log partition=pmacct.bgp-0, dir=/tmp/kafka-logs] Incremented log start offset to 2749943 due to segment deletion (kafka.log.Log)
[2021-10-11 09:03:06,050] INFO [ProducerStateManager partition=pmacct.bgp-0] Writing producer snapshot at offset 5498570 (kafka.log.ProducerStateManager)
[2021-10-11 09:03:06,051] INFO [Log partition=pmacct.bgp-0, dir=/tmp/kafka-logs] Rolled new log segment at offset 5498570 in 2 ms. (kafka.log.Log)
[2021-10-11 09:03:14,243] INFO [Log partition=pmacct.bgp-0, dir=/tmp/kafka-logs] Deleting segment files LogSegment(baseOffset=0, size=1073717564, lastModifiedTime=1633942804676, largestRecordTimestamp=Some(1633942804682)) (kafka.log.Log)
[2021-10-11 09:03:14,281] INFO Deleted log /tmp/kafka-logs/pmacct.bgp-0/00000000000000000000.log.deleted. (kafka.log.LogSegment)
[2021-10-11 09:03:14,286] INFO Deleted offset index /tmp/kafka-logs/pmacct.bgp-0/00000000000000000000.index.deleted. (kafka.log.LogSegment)
[2021-10-11 09:03:14,286] INFO Deleted time index /tmp/kafka-logs/pmacct.bgp-0/00000000000000000000.timeindex.deleted. (kafka.log.LogSegment)
[2021-10-11 09:06:08,155] INFO [ProducerStateManager partition=pmacct.bgp-0] Writing producer snapshot at offset 8246579 (kafka.log.ProducerStateManager)
[2021-10-11 09:06:08,156] INFO [Log partition=pmacct.bgp-0, dir=/tmp/kafka-logs] Rolled new log segment at offset 8246579 in 2 ms. (kafka.log.Log)
[2021-10-11 09:07:14,232] INFO [Log partition=pmacct.bgp-0, dir=/tmp/kafka-logs] Deleting segment LogSegment(baseOffset=2749943, size=1073720138, lastModifiedTime=1633942986043, largestRecordTimestamp=Some(1633942986047)) due to retention time 60000ms breach based on the largest record timestamp in the segment (kafka.log.Log)
[2021-10-11 09:07:14,232] INFO [Log partition=pmacct.bgp-0, dir=/tmp/kafka-logs] Deleting segment LogSegment(baseOffset=5498570, size=1073687763, lastModifiedTime=1633943168150, largestRecordTimestamp=Some(1633943168152)) due to retention time 60000ms breach based on the largest record timestamp in the segment (kafka.log.Log)
[2021-10-11 09:07:14,233] INFO [Log partition=pmacct.bgp-0, dir=/tmp/kafka-logs] Incremented log start offset to 8246579 due to segment deletion (kafka.log.Log)
[2021-10-11 09:08:14,233] INFO [Log partition=pmacct.bgp-0, dir=/tmp/kafka-logs] Deleting segment files LogSegment(baseOffset=2749943, size=1073720138, lastModifiedTime=1633942986043, largestRecordTimestamp=Some(1633942986047)),LogSegment(baseOffset=5498570, size=1073687763, lastModifiedTime=1633943168150, largestRecordTimestamp=Some(1633943168152)) (kafka.log.Log)
[2021-10-11 09:08:14,262] INFO Deleted log /tmp/kafka-logs/pmacct.bgp-0/00000000000002749943.log.deleted. (kafka.log.LogSegment)
[2021-10-11 09:08:14,262] INFO Deleted offset index /tmp/kafka-logs/pmacct.bgp-0/00000000000002749943.index.deleted. (kafka.log.LogSegment)
[2021-10-11 09:08:14,263] INFO Deleted time index /tmp/kafka-logs/pmacct.bgp-0/00000000000002749943.timeindex.deleted. (kafka.log.LogSegment)
[2021-10-11 09:08:14,300] INFO Deleted log /tmp/kafka-logs/pmacct.bgp-0/00000000000005498570.log.deleted. (kafka.log.LogSegment)
[2021-10-11 09:08:14,306] INFO Deleted offset index /tmp/kafka-logs/pmacct.bgp-0/00000000000005498570.index.deleted. (kafka.log.LogSegment)
[2021-10-11 09:08:14,306] INFO Deleted time index /tmp/kafka-logs/pmacct.bgp-0/00000000000005498570.timeindex.deleted. (kafka.log.LogSegment)
[2021-10-11 09:09:10,080] INFO [ProducerStateManager partition=pmacct.bgp-0] Writing producer snapshot at offset 10995545 (kafka.log.ProducerStateManager)
[2021-10-11 09:09:10,081] INFO [Log partition=pmacct.bgp-0, dir=/tmp/kafka-logs] Rolled new log segment at offset 10995545 in 1 ms. (kafka.log.Log)
[2021-10-11 09:12:14,232] INFO [Log partition=pmacct.bgp-0, dir=/tmp/kafka-logs] Deleting segment LogSegment(baseOffset=8246579, size=1073696307, lastModifiedTime=1633943350074, largestRecordTimestamp=Some(1633943350078)) due to retention time 60000ms breach based on the largest record timestamp in the segment (kafka.log.Log)
[2021-10-11 09:12:14,235] INFO [Log partition=pmacct.bgp-0, dir=/tmp/kafka-logs] Incremented log start offset to 10995545 due to segment deletion (kafka.log.Log)
[2021-10-11 09:13:03,815] INFO [ProducerStateManager partition=pmacct.bgp-0] Writing producer snapshot at offset 13745030 (kafka.log.ProducerStateManager)
[2021-10-11 09:13:03,815] INFO [Log partition=pmacct.bgp-0, dir=/tmp/kafka-logs] Rolled new log segment at offset 13745030 in 1 ms. (kafka.log.Log)
[2021-10-11 09:13:14,235] INFO [Log partition=pmacct.bgp-0, dir=/tmp/kafka-logs] Deleting segment files LogSegment(baseOffset=8246579, size=1073696307, lastModifiedTime=1633943350074, largestRecordTimestamp=Some(1633943350078)) (kafka.log.Log)
[2021-10-11 09:13:14,264] INFO Deleted log /tmp/kafka-logs/pmacct.bgp-0/00000000000008246579.log.deleted. (kafka.log.LogSegment)
[2021-10-11 09:13:14,265] INFO Deleted offset index /tmp/kafka-logs/pmacct.bgp-0/00000000000008246579.index.deleted. (kafka.log.LogSegment)
[2021-10-11 09:13:14,265] INFO Deleted time index /tmp/kafka-logs/pmacct.bgp-0/00000000000008246579.timeindex.deleted. (kafka.log.LogSegment)
[2021-10-11 09:16:05,801] INFO [ProducerStateManager partition=pmacct.bgp-0] Writing producer snapshot at offset 16494140 (kafka.log.ProducerStateManager)
[2021-10-11 09:16:05,801] INFO [Log partition=pmacct.bgp-0, dir=/tmp/kafka-logs] Rolled new log segment at offset 16494140 in 1 ms. (kafka.log.Log)
[2021-10-11 09:17:14,232] INFO [Log partition=pmacct.bgp-0, dir=/tmp/kafka-logs] Deleting segment LogSegment(baseOffset=10995545, size=1073691915, lastModifiedTime=1633943583810, largestRecordTimestamp=Some(1633943583813)) due to retention time 60000ms breach based on the largest record timestamp in the segment (kafka.log.Log)
[2021-10-11 09:17:14,232] INFO [Log partition=pmacct.bgp-0, dir=/tmp/kafka-logs] Deleting segment LogSegment(baseOffset=13745030, size=1073691548, lastModifiedTime=1633943765793, largestRecordTimestamp=Some(1633943765799)) due to retention time 60000ms breach based on the largest record timestamp in the segment (kafka.log.Log)
[2021-10-11 09:17:14,232] INFO [Log partition=pmacct.bgp-0, dir=/tmp/kafka-logs] Incremented log start offset to 16494140 due to segment deletion (kafka.log.Log)
[2021-10-11 09:18:14,233] INFO [Log partition=pmacct.bgp-0, dir=/tmp/kafka-logs] Deleting segment files LogSegment(baseOffset=10995545, size=1073691915, lastModifiedTime=1633943583810, largestRecordTimestamp=Some(1633943583813)),LogSegment(baseOffset=13745030, size=1073691548, lastModifiedTime=1633943765793, largestRecordTimestamp=Some(1633943765799)) (kafka.log.Log)
[2021-10-11 09:18:14,265] INFO Deleted log /tmp/kafka-logs/pmacct.bgp-0/00000000000010995545.log.deleted. (kafka.log.LogSegment)
[2021-10-11 09:18:14,266] INFO Deleted offset index /tmp/kafka-logs/pmacct.bgp-0/00000000000010995545.index.deleted. (kafka.log.LogSegment)
[2021-10-11 09:18:14,266] INFO Deleted time index /tmp/kafka-logs/pmacct.bgp-0/00000000000010995545.timeindex.deleted. (kafka.log.LogSegment)
[2021-10-11 09:18:14,295] INFO Deleted log /tmp/kafka-logs/pmacct.bgp-0/00000000000013745030.log.deleted. (kafka.log.LogSegment)
[2021-10-11 09:18:14,296] INFO Deleted offset index /tmp/kafka-logs/pmacct.bgp-0/00000000000013745030.index.deleted. (kafka.log.LogSegment)
[2021-10-11 09:18:14,296] INFO Deleted time index /tmp/kafka-logs/pmacct.bgp-0/00000000000013745030.timeindex.deleted. (kafka.log.LogSegment)
[2021-10-11 09:19:06,799] INFO [ProducerStateManager partition=pmacct.bgp-0] Writing producer snapshot at offset 19242608 (kafka.log.ProducerStateManager)
[2021-10-11 09:19:06,799] INFO [Log partition=pmacct.bgp-0, dir=/tmp/kafka-logs] Rolled new log segment at offset 19242608 in 1 ms. (kafka.log.Log)
[2021-10-11 09:22:08,891] INFO [ProducerStateManager partition=pmacct.bgp-0] Writing producer snapshot at offset 21991069 (kafka.log.ProducerStateManager)
[2021-10-11 09:22:08,892] INFO [Log partition=pmacct.bgp-0, dir=/tmp/kafka-logs] Rolled new log segment at offset 21991069 in 1 ms. (kafka.log.Log)
[2021-10-11 09:22:14,232] INFO [Log partition=pmacct.bgp-0, dir=/tmp/kafka-logs] Deleting segment LogSegment(baseOffset=16494140, size=1073719547, lastModifiedTime=1633943946792, largestRecordTimestamp=Some(1633943946797)) due to retention time 60000ms breach based on the largest record timestamp in the segment (kafka.log.Log)
[2021-10-11 09:22:14,235] INFO [Log partition=pmacct.bgp-0, dir=/tmp/kafka-logs] Incremented log start offset to 19242608 due to segment deletion (kafka.log.Log)
[2021-10-11 09:23:14,235] INFO [Log partition=pmacct.bgp-0, dir=/tmp/kafka-logs] Deleting segment files LogSegment(baseOffset=16494140, size=1073719547, lastModifiedTime=1633943946792, largestRecordTimestamp=Some(1633943946797)) (kafka.log.Log)
[2021-10-11 09:23:14,265] INFO Deleted log /tmp/kafka-logs/pmacct.bgp-0/00000000000016494140.log.deleted. (kafka.log.LogSegment)
[2021-10-11 09:23:14,265] INFO Deleted offset index /tmp/kafka-logs/pmacct.bgp-0/00000000000016494140.index.deleted. (kafka.log.LogSegment)
[2021-10-11 09:23:14,266] INFO Deleted time index /tmp/kafka-logs/pmacct.bgp-0/00000000000016494140.timeindex.deleted. (kafka.log.LogSegment)
[2021-10-11 09:26:02,545] INFO [ProducerStateManager partition=pmacct.bgp-0] Writing producer snapshot at offset 24740473 (kafka.log.ProducerStateManager)
[2021-10-11 09:26:02,546] INFO [Log partition=pmacct.bgp-0, dir=/tmp/kafka-logs] Rolled new log segment at offset 24740473 in 1 ms. (kafka.log.Log)
[2021-10-11 09:27:14,232] INFO [Log partition=pmacct.bgp-0, dir=/tmp/kafka-logs] Deleting segment LogSegment(baseOffset=19242608, size=1073724260, lastModifiedTime=1633944128884, largestRecordTimestamp=Some(1633944128889)) due to retention time 60000ms breach based on the largest record timestamp in the segment (kafka.log.Log)
[2021-10-11 09:27:14,232] INFO [Log partition=pmacct.bgp-0, dir=/tmp/kafka-logs] Deleting segment LogSegment(baseOffset=21991069, size=1073718631, lastModifiedTime=1633944362536, largestRecordTimestamp=Some(1633944362543)) due to retention time 60000ms breach based on the largest record timestamp in the segment (kafka.log.Log)
[2021-10-11 09:27:14,233] INFO [Log partition=pmacct.bgp-0, dir=/tmp/kafka-logs] Incremented log start offset to 24740473 due to segment deletion (kafka.log.Log)
[2021-10-11 09:28:14,233] INFO [Log partition=pmacct.bgp-0, dir=/tmp/kafka-logs] Deleting segment files LogSegment(baseOffset=19242608, size=1073724260, lastModifiedTime=1633944128884, largestRecordTimestamp=Some(1633944128889)),LogSegment(baseOffset=21991069, size=1073718631, lastModifiedTime=1633944362536, largestRecordTimestamp=Some(1633944362543)) (kafka.log.Log)
[2021-10-11 09:28:14,263] INFO Deleted log /tmp/kafka-logs/pmacct.bgp-0/00000000000019242608.log.deleted. (kafka.log.LogSegment)
[2021-10-11 09:28:14,264] INFO Deleted offset index /tmp/kafka-logs/pmacct.bgp-0/00000000000019242608.index.deleted. (kafka.log.LogSegment)
[2021-10-11 09:28:14,264] INFO Deleted time index /tmp/kafka-logs/pmacct.bgp-0/00000000000019242608.timeindex.deleted. (kafka.log.LogSegment)
[2021-10-11 09:28:14,293] INFO Deleted log /tmp/kafka-logs/pmacct.bgp-0/00000000000021991069.log.deleted. (kafka.log.LogSegment)
[2021-10-11 09:28:14,293] INFO Deleted offset index /tmp/kafka-logs/pmacct.bgp-0/00000000000021991069.index.deleted. (kafka.log.LogSegment)
[2021-10-11 09:28:14,293] INFO Deleted time index /tmp/kafka-logs/pmacct.bgp-0/00000000000021991069.timeindex.deleted. (kafka.log.LogSegment)
[2021-10-11 09:29:04,440] INFO [ProducerStateManager partition=pmacct.bgp-0] Writing producer snapshot at offset 27490029 (kafka.log.ProducerStateManager)
[2021-10-11 09:29:04,440] INFO [Log partition=pmacct.bgp-0, dir=/tmp/kafka-logs] Rolled new log segment at offset 27490029 in 1 ms. (kafka.log.Log)
[2021-10-11 09:32:06,421] INFO [ProducerStateManager partition=pmacct.bgp-0] Writing producer snapshot at offset 30238620 (kafka.log.ProducerStateManager)
[2021-10-11 09:32:06,421] INFO [Log partition=pmacct.bgp-0, dir=/tmp/kafka-logs] Rolled new log segment at offset 30238620 in 1 ms. (kafka.log.Log)
[2021-10-11 09:32:14,232] INFO [Log partition=pmacct.bgp-0, dir=/tmp/kafka-logs] Deleting segment LogSegment(baseOffset=24740473, size=1073691500, lastModifiedTime=1633944544435, largestRecordTimestamp=Some(1633944544438)) due to retention time 60000ms breach based on the largest record timestamp in the segment (kafka.log.Log)
[2021-10-11 09:32:14,235] INFO [Log partition=pmacct.bgp-0, dir=/tmp/kafka-logs] Incremented log start offset to 27490029 due to segment deletion (kafka.log.Log)
[2021-10-11 09:33:14,235] INFO [Log partition=pmacct.bgp-0, dir=/tmp/kafka-logs] Deleting segment files LogSegment(baseOffset=24740473, size=1073691500, lastModifiedTime=1633944544435, largestRecordTimestamp=Some(1633944544438)) (kafka.log.Log)
[2021-10-11 09:33:14,273] INFO Deleted log /tmp/kafka-logs/pmacct.bgp-0/00000000000024740473.log.deleted. (kafka.log.LogSegment)
[2021-10-11 09:33:14,274] INFO Deleted offset index /tmp/kafka-logs/pmacct.bgp-0/00000000000024740473.index.deleted. (kafka.log.LogSegment)
[2021-10-11 09:33:14,274] INFO Deleted time index /tmp/kafka-logs/pmacct.bgp-0/00000000000024740473.timeindex.deleted. (kafka.log.LogSegment)
[2021-10-11 09:35:08,294] INFO [ProducerStateManager partition=pmacct.bgp-0] Writing producer snapshot at offset 32986854 (kafka.log.ProducerStateManager)
[2021-10-11 09:35:08,296] INFO [Log partition=pmacct.bgp-0, dir=/tmp/kafka-logs] Rolled new log segment at offset 32986854 in 3 ms. (kafka.log.Log)
[2021-10-11 09:37:14,232] INFO [Log partition=pmacct.bgp-0, dir=/tmp/kafka-logs] Deleting segment LogSegment(baseOffset=27490029, size=1073702364, lastModifiedTime=1633944726415, largestRecordTimestamp=Some(1633944726419)) due to retention time 60000ms breach based on the largest record timestamp in the segment (kafka.log.Log)
[2021-10-11 09:37:14,233] INFO [Log partition=pmacct.bgp-0, dir=/tmp/kafka-logs] Deleting segment LogSegment(baseOffset=30238620, size=1073715481, lastModifiedTime=1633944908290, largestRecordTimestamp=Some(1633944908292)) due to retention time 60000ms breach based on the largest record timestamp in the segment (kafka.log.Log)
[2021-10-11 09:37:14,233] INFO [Log partition=pmacct.bgp-0, dir=/tmp/kafka-logs] Incremented log start offset to 32986854 due to segment deletion (kafka.log.Log)
[2021-10-11 09:38:14,235] INFO [Log partition=pmacct.bgp-0, dir=/tmp/kafka-logs] Deleting segment files LogSegment(baseOffset=27490029, size=1073702364, lastModifiedTime=1633944726415, largestRecordTimestamp=Some(1633944726419)),LogSegment(baseOffset=30238620, size=1073715481, lastModifiedTime=1633944908290, largestRecordTimestamp=Some(1633944908292)) (kafka.log.Log)
[2021-10-11 09:38:14,269] INFO Deleted log /tmp/kafka-logs/pmacct.bgp-0/00000000000027490029.log.deleted. (kafka.log.LogSegment)
[2021-10-11 09:38:14,270] INFO Deleted offset index /tmp/kafka-logs/pmacct.bgp-0/00000000000027490029.index.deleted. (kafka.log.LogSegment)
[2021-10-11 09:38:14,270] INFO Deleted time index /tmp/kafka-logs/pmacct.bgp-0/00000000000027490029.timeindex.deleted. (kafka.log.LogSegment)
[2021-10-11 09:38:14,300] INFO Deleted log /tmp/kafka-logs/pmacct.bgp-0/00000000000030238620.log.deleted. (kafka.log.LogSegment)
[2021-10-11 09:38:14,300] INFO Deleted offset index /tmp/kafka-logs/pmacct.bgp-0/00000000000030238620.index.deleted. (kafka.log.LogSegment)
[2021-10-11 09:38:14,300] INFO Deleted time index /tmp/kafka-logs/pmacct.bgp-0/00000000000030238620.timeindex.deleted. (kafka.log.LogSegment)
[2021-10-11 09:39:02,279] INFO [ProducerStateManager partition=pmacct.bgp-0] Writing producer snapshot at offset 35736574 (kafka.log.ProducerStateManager)
[2021-10-11 09:39:02,279] INFO [Log partition=pmacct.bgp-0, dir=/tmp/kafka-logs] Rolled new log segment at offset 35736574 in 1 ms. (kafka.log.Log)
[2021-10-11 09:42:04,103] INFO [ProducerStateManager partition=pmacct.bgp-0] Writing producer snapshot at offset 38486225 (kafka.log.ProducerStateManager)
[2021-10-11 09:42:04,104] INFO [Log partition=pmacct.bgp-0, dir=/tmp/kafka-logs] Rolled new log segment at offset 38486225 in 1 ms. (kafka.log.Log)
[2021-10-11 09:42:14,232] INFO [Log partition=pmacct.bgp-0, dir=/tmp/kafka-logs] Deleting segment LogSegment(baseOffset=32986854, size=1073724953, lastModifiedTime=1633945142274, largestRecordTimestamp=Some(1633945142277)) due to retention time 60000ms breach based on the largest record timestamp in the segment (kafka.log.Log)
[2021-10-11 09:42:14,233] INFO [Log partition=pmacct.bgp-0, dir=/tmp/kafka-logs] Incremented log start offset to 35736574 due to segment deletion (kafka.log.Log)
[2021-10-11 09:43:14,234] INFO [Log partition=pmacct.bgp-0, dir=/tmp/kafka-logs] Deleting segment files LogSegment(baseOffset=32986854, size=1073724953, lastModifiedTime=1633945142274, largestRecordTimestamp=Some(1633945142277)) (kafka.log.Log)
[2021-10-11 09:43:14,265] INFO Deleted log /tmp/kafka-logs/pmacct.bgp-0/00000000000032986854.log.deleted. (kafka.log.LogSegment)
[2021-10-11 09:43:14,266] INFO Deleted offset index /tmp/kafka-logs/pmacct.bgp-0/00000000000032986854.index.deleted. (kafka.log.LogSegment)
[2021-10-11 09:43:14,266] INFO Deleted time index /tmp/kafka-logs/pmacct.bgp-0/00000000000032986854.timeindex.deleted. (kafka.log.LogSegment)
[2021-10-11 09:45:06,170] INFO [ProducerStateManager partition=pmacct.bgp-0] Writing producer snapshot at offset 41234689 (kafka.log.ProducerStateManager)
[2021-10-11 09:45:06,171] INFO [Log partition=pmacct.bgp-0, dir=/tmp/kafka-logs] Rolled new log segment at offset 41234689 in 1 ms. (kafka.log.Log)
[2021-10-11 09:47:14,233] INFO [Log partition=pmacct.bgp-0, dir=/tmp/kafka-logs] Deleting segment LogSegment(baseOffset=35736574, size=1073698208, lastModifiedTime=1633945324097, largestRecordTimestamp=Some(1633945324101)) due to retention time 60000ms breach based on the largest record timestamp in the segment (kafka.log.Log)
[2021-10-11 09:47:14,233] INFO [Log partition=pmacct.bgp-0, dir=/tmp/kafka-logs] Deleting segment LogSegment(baseOffset=38486225, size=1073706026, lastModifiedTime=1633945506165, largestRecordTimestamp=Some(1633945506168)) due to retention time 60000ms breach based on the largest record timestamp in the segment (kafka.log.Log)
[2021-10-11 09:47:14,234] INFO [Log partition=pmacct.bgp-0, dir=/tmp/kafka-logs] Incremented log start offset to 41234689 due to segment deletion (kafka.log.Log)
[2021-10-11 09:48:08,023] INFO [ProducerStateManager partition=pmacct.bgp-0] Writing producer snapshot at offset 43982776 (kafka.log.ProducerStateManager)
[2021-10-11 09:48:08,024] INFO [Log partition=pmacct.bgp-0, dir=/tmp/kafka-logs] Rolled new log segment at offset 43982776 in 1 ms. (kafka.log.Log)
[2021-10-11 09:48:14,235] INFO [Log partition=pmacct.bgp-0, dir=/tmp/kafka-logs] Deleting segment files LogSegment(baseOffset=35736574, size=1073698208, lastModifiedTime=1633945324097, largestRecordTimestamp=Some(1633945324101)),LogSegment(baseOffset=38486225, size=1073706026, lastModifiedTime=1633945506165, largestRecordTimestamp=Some(1633945506168)) (kafka.log.Log)
[2021-10-11 09:48:14,264] INFO Deleted log /tmp/kafka-logs/pmacct.bgp-0/00000000000035736574.log.deleted. (kafka.log.LogSegment)
[2021-10-11 09:48:14,265] INFO Deleted offset index /tmp/kafka-logs/pmacct.bgp-0/00000000000035736574.index.deleted. (kafka.log.LogSegment)
[2021-10-11 09:48:14,265] INFO Deleted time index /tmp/kafka-logs/pmacct.bgp-0/00000000000035736574.timeindex.deleted. (kafka.log.LogSegment)
[2021-10-11 09:48:14,294] INFO Deleted log /tmp/kafka-logs/pmacct.bgp-0/00000000000038486225.log.deleted. (kafka.log.LogSegment)
[2021-10-11 09:48:14,295] INFO Deleted offset index /tmp/kafka-logs/pmacct.bgp-0/00000000000038486225.index.deleted. (kafka.log.LogSegment)
[2021-10-11 09:48:14,295] INFO Deleted time index /tmp/kafka-logs/pmacct.bgp-0/00000000000038486225.timeindex.deleted. (kafka.log.LogSegment)
[2021-10-11 09:52:01,752] INFO [ProducerStateManager partition=pmacct.bgp-0] Writing producer snapshot at offset 46732440 (kafka.log.ProducerStateManager)
[2021-10-11 09:52:01,753] INFO [Log partition=pmacct.bgp-0, dir=/tmp/kafka-logs] Rolled new log segment at offset 46732440 in 1 ms. (kafka.log.Log)
[2021-10-11 09:52:14,232] INFO [Log partition=pmacct.bgp-0, dir=/tmp/kafka-logs] Deleting segment LogSegment(baseOffset=41234689, size=1073699092, lastModifiedTime=1633945688016, largestRecordTimestamp=Some(1633945688021)) due to retention time 60000ms breach based on the largest record timestamp in the segment (kafka.log.Log)
[2021-10-11 09:52:14,234] INFO [Log partition=pmacct.bgp-0, dir=/tmp/kafka-logs] Incremented log start offset to 43982776 due to segment deletion (kafka.log.Log)
[2021-10-11 09:53:14,235] INFO [Log partition=pmacct.bgp-0, dir=/tmp/kafka-logs] Deleting segment files LogSegment(baseOffset=41234689, size=1073699092, lastModifiedTime=1633945688016, largestRecordTimestamp=Some(1633945688021)) (kafka.log.Log)
[2021-10-11 09:53:14,266] INFO Deleted log /tmp/kafka-logs/pmacct.bgp-0/00000000000041234689.log.deleted. (kafka.log.LogSegment)
[2021-10-11 09:53:14,267] INFO Deleted offset index /tmp/kafka-logs/pmacct.bgp-0/00000000000041234689.index.deleted. (kafka.log.LogSegment)
[2021-10-11 09:53:14,267] INFO Deleted time index /tmp/kafka-logs/pmacct.bgp-0/00000000000041234689.timeindex.deleted. (kafka.log.LogSegment)
[2021-10-11 09:55:03,816] INFO [ProducerStateManager partition=pmacct.bgp-0] Writing producer snapshot at offset 49481972 (kafka.log.ProducerStateManager)
[2021-10-11 09:55:03,817] INFO [Log partition=pmacct.bgp-0, dir=/tmp/kafka-logs] Rolled new log segment at offset 49481972 in 1 ms. (kafka.log.Log)
