This file contains any messages produced by compilers while
running configure, to aid debugging if configure makes a mistake.

It was created by jansson configure 2.13, which was
generated by GNU Autoconf 2.69.  Invocation command line was

  $ ./configure 

## --------- ##
## Platform. ##
## --------- ##

hostname = final-bgp-monitor
uname -m = x86_64
uname -r = 5.4.0-88-generic
uname -s = Linux
uname -v = #99-Ubuntu SMP Thu Sep 23 17:29:00 UTC 2021

/usr/bin/uname -p = x86_64
/bin/uname -X     = unknown

/bin/arch              = x86_64
/usr/bin/arch -k       = unknown
/usr/convex/getsysinfo = unknown
/usr/bin/hostinfo      = unknown
/bin/machine           = unknown
/usr/bin/oslevel       = unknown
/bin/universe          = unknown

PATH: /usr/local/sbin
PATH: /usr/local/bin
PATH: /usr/sbin
PATH: /usr/bin
PATH: /sbin
PATH: /bin
PATH: /usr/games
PATH: /usr/local/games


## ----------- ##
## Core tests. ##
## ----------- ##

configure:2550: checking for a BSD-compatible install
configure:2618: result: /usr/bin/install -c
configure:2629: checking whether build environment is sane
configure:2684: result: yes
configure:2833: checking for a thread-safe mkdir -p
configure:2872: result: /usr/bin/mkdir -p
configure:2879: checking for gawk
configure:2895: found /usr/bin/gawk
configure:2906: result: gawk
configure:2917: checking whether make sets $(MAKE)
configure:2939: result: yes
configure:2968: checking whether make supports nested variables
configure:2985: result: yes
configure:3165: checking for gcc
configure:3181: found /usr/bin/gcc
configure:3192: result: gcc
configure:3421: checking for C compiler version
configure:3430: gcc --version >&5
gcc (Ubuntu 9.3.0-17ubuntu1~20.04) 9.3.0
Copyright (C) 2019 Free Software Foundation, Inc.
This is free software; see the source for copying conditions.  There is NO
warranty; not even for MERCHANTABILITY or FITNESS FOR A PARTICULAR PURPOSE.

configure:3441: $? = 0
configure:3430: gcc -v >&5
Using built-in specs.
COLLECT_GCC=gcc
COLLECT_LTO_WRAPPER=/usr/lib/gcc/x86_64-linux-gnu/9/lto-wrapper
OFFLOAD_TARGET_NAMES=nvptx-none:hsa
OFFLOAD_TARGET_DEFAULT=1
Target: x86_64-linux-gnu
Configured with: ../src/configure -v --with-pkgversion='Ubuntu 9.3.0-17ubuntu1~20.04' --with-bugurl=file:///usr/share/doc/gcc-9/README.Bugs --enable-languages=c,ada,c++,go,brig,d,fortran,objc,obj-c++,gm2 --prefix=/usr --with-gcc-major-version-only --program-suffix=-9 --program-prefix=x86_64-linux-gnu- --enable-shared --enable-linker-build-id --libexecdir=/usr/lib --without-included-gettext --enable-threads=posix --libdir=/usr/lib --enable-nls --enable-clocale=gnu --enable-libstdcxx-debug --enable-libstdcxx-time=yes --with-default-libstdcxx-abi=new --enable-gnu-unique-object --disable-vtable-verify --enable-plugin --enable-default-pie --with-system-zlib --with-target-system-zlib=auto --enable-objc-gc=auto --enable-multiarch --disable-werror --with-arch-32=i686 --with-abi=m64 --with-multilib-list=m32,m64,mx32 --enable-multilib --with-tune=generic --enable-offload-targets=nvptx-none=/build/gcc-9-HskZEa/gcc-9-9.3.0/debian/tmp-nvptx/usr,hsa --without-cuda-driver --enable-checking=release --build=x86_64-linux-gnu --host=x86_64-linux-gnu --target=x86_64-linux-gnu
Thread model: posix
gcc version 9.3.0 (Ubuntu 9.3.0-17ubuntu1~20.04) 
configure:3441: $? = 0
configure:3430: gcc -V >&5
gcc: error: unrecognized command line option '-V'
gcc: fatal error: no input files
compilation terminated.
configure:3441: $? = 1
configure:3430: gcc -qversion >&5
gcc: error: unrecognized command line option '-qversion'; did you mean '--version'?
gcc: fatal error: no input files
compilation terminated.
configure:3441: $? = 1
configure:3461: checking whether the C compiler works
configure:3483: gcc    conftest.c  >&5
configure:3487: $? = 0
configure:3535: result: yes
configure:3538: checking for C compiler default output file name
configure:3540: result: a.out
configure:3546: checking for suffix of executables
configure:3553: gcc -o conftest    conftest.c  >&5
configure:3557: $? = 0
configure:3579: result: 
configure:3601: checking whether we are cross compiling
configure:3609: gcc -o conftest    conftest.c  >&5
configure:3613: $? = 0
configure:3620: ./conftest
configure:3624: $? = 0
configure:3612: result: no
configure:3617: checking for suffix of object files
configure:3639: gcc -c   conftest.c >&5
configure:3643: $? = 0
configure:3664: result: o
configure:3668: checking whether we are using the GNU C compiler
configure:3687: gcc -c   conftest.c >&5
configure:3687: $? = 0
configure:3696: result: yes
configure:3705: checking whether gcc accepts -g
configure:3725: gcc -c -g  conftest.c >&5
configure:3725: $? = 0
configure:3766: result: yes
configure:3783: checking for gcc option to accept ISO C89
configure:3846: gcc  -c -g -O2  conftest.c >&5
configure:3846: $? = 0
configure:3859: result: none needed
configure:3884: checking whether gcc understands -c and -o together
configure:3906: gcc -c conftest.c -o conftest2.o
configure:3909: $? = 0
configure:3906: gcc -c conftest.c -o conftest2.o
configure:3909: $? = 0
configure:3921: result: yes
configure:3941: checking whether make supports the include directive
configure:3956: make -f confmf.GNU && cat confinc.out
this is the am__doit target
configure:3959: $? = 0
configure:3978: result: yes (GNU style)
configure:4003: checking dependency style of gcc
configure:4114: result: gcc3
configure:4187: checking for g++
configure:4203: found /usr/bin/g++
configure:4214: result: g++
configure:4241: checking for C++ compiler version
configure:4250: g++ --version >&5
g++ (Ubuntu 9.3.0-17ubuntu1~20.04) 9.3.0
Copyright (C) 2019 Free Software Foundation, Inc.
This is free software; see the source for copying conditions.  There is NO
warranty; not even for MERCHANTABILITY or FITNESS FOR A PARTICULAR PURPOSE.

configure:4261: $? = 0
configure:4250: g++ -v >&5
Using built-in specs.
COLLECT_GCC=g++
COLLECT_LTO_WRAPPER=/usr/lib/gcc/x86_64-linux-gnu/9/lto-wrapper
OFFLOAD_TARGET_NAMES=nvptx-none:hsa
OFFLOAD_TARGET_DEFAULT=1
Target: x86_64-linux-gnu
Configured with: ../src/configure -v --with-pkgversion='Ubuntu 9.3.0-17ubuntu1~20.04' --with-bugurl=file:///usr/share/doc/gcc-9/README.Bugs --enable-languages=c,ada,c++,go,brig,d,fortran,objc,obj-c++,gm2 --prefix=/usr --with-gcc-major-version-only --program-suffix=-9 --program-prefix=x86_64-linux-gnu- --enable-shared --enable-linker-build-id --libexecdir=/usr/lib --without-included-gettext --enable-threads=posix --libdir=/usr/lib --enable-nls --enable-clocale=gnu --enable-libstdcxx-debug --enable-libstdcxx-time=yes --with-default-libstdcxx-abi=new --enable-gnu-unique-object --disable-vtable-verify --enable-plugin --enable-default-pie --with-system-zlib --with-target-system-zlib=auto --enable-objc-gc=auto --enable-multiarch --disable-werror --with-arch-32=i686 --with-abi=m64 --with-multilib-list=m32,m64,mx32 --enable-multilib --with-tune=generic --enable-offload-targets=nvptx-none=/build/gcc-9-HskZEa/gcc-9-9.3.0/debian/tmp-nvptx/usr,hsa --without-cuda-driver --enable-checking=release --build=x86_64-linux-gnu --host=x86_64-linux-gnu --target=x86_64-linux-gnu
Thread model: posix
gcc version 9.3.0 (Ubuntu 9.3.0-17ubuntu1~20.04) 
configure:4261: $? = 0
configure:4250: g++ -V >&5
g++: error: unrecognized command line option '-V'
g++: fatal error: no input files
compilation terminated.
configure:4261: $? = 1
configure:4250: g++ -qversion >&5
g++: error: unrecognized command line option '-qversion'; did you mean '--version'?
g++: fatal error: no input files
compilation terminated.
configure:4261: $? = 1
configure:4265: checking whether we are using the GNU C++ compiler
configure:4284: g++ -c   conftest.cpp >&5
configure:4284: $? = 0
configure:4293: result: yes
configure:4302: checking whether g++ accepts -g
configure:4322: g++ -c -g  conftest.cpp >&5
configure:4322: $? = 0
configure:4363: result: yes
configure:4388: checking dependency style of g++
configure:4499: result: gcc3
configure:4543: checking build system type
configure:4557: result: x86_64-pc-linux-gnu
configure:4577: checking host system type
configure:4590: result: x86_64-pc-linux-gnu
configure:4631: checking how to print strings
configure:4658: result: printf
configure:4679: checking for a sed that does not truncate output
configure:4743: result: /usr/bin/sed
configure:4761: checking for grep that handles long lines and -e
configure:4819: result: /usr/bin/grep
configure:4824: checking for egrep
configure:4886: result: /usr/bin/grep -E
configure:4891: checking for fgrep
configure:4953: result: /usr/bin/grep -F
configure:4988: checking for ld used by gcc
configure:5055: result: /usr/bin/ld
configure:5062: checking if the linker (/usr/bin/ld) is GNU ld
configure:5077: result: yes
configure:5089: checking for BSD- or MS-compatible name lister (nm)
configure:5143: result: /usr/bin/nm -B
configure:5273: checking the name lister (/usr/bin/nm -B) interface
configure:5280: gcc -c -g -O2  conftest.c >&5
configure:5283: /usr/bin/nm -B "conftest.o"
configure:5286: output
0000000000000000 B some_variable
configure:5287: result: BSD nm
configure:5290: checking whether ln -s works
configure:5294: result: yes
configure:5302: checking the maximum length of command line arguments
configure:5433: result: 1572864
configure:5481: checking how to convert x86_64-pc-linux-gnu file names to x86_64-pc-linux-gnu format
configure:5521: result: func_convert_file_noop
configure:5528: checking how to convert x86_64-pc-linux-gnu file names to toolchain format
configure:5548: result: func_convert_file_noop
configure:5555: checking for /usr/bin/ld option to reload object files
configure:5562: result: -r
configure:5636: checking for objdump
configure:5652: found /usr/bin/objdump
configure:5663: result: objdump
configure:5695: checking how to recognize dependent libraries
configure:5895: result: pass_all
configure:5980: checking for dlltool
configure:6010: result: no
configure:6040: checking how to associate runtime and link libraries
configure:6067: result: printf %s\n
configure:6128: checking for ar
configure:6144: found /usr/bin/ar
configure:6155: result: ar
configure:6208: checking for archiver @FILE support
configure:6225: gcc -c -g -O2  conftest.c >&5
configure:6225: $? = 0
configure:6228: ar cr libconftest.a @conftest.lst >&5
configure:6231: $? = 0
configure:6236: ar cr libconftest.a @conftest.lst >&5
ar: conftest.o: No such file or directory
configure:6239: $? = 1
configure:6238: result: @
configure:6296: checking for strip
configure:6312: found /usr/bin/strip
configure:6323: result: strip
configure:6395: checking for ranlib
configure:6411: found /usr/bin/ranlib
configure:6422: result: ranlib
configure:6524: checking command to parse /usr/bin/nm -B output from gcc object
configure:6677: gcc -c -g -O2  conftest.c >&5
configure:6680: $? = 0
configure:6684: /usr/bin/nm -B conftest.o \| sed -n -e 's/^.*[ ]\([ABCDGIRSTW][ABCDGIRSTW]*\)[ ][ ]*\([_A-Za-z][_A-Za-z0-9]*\)$/\1 \2 \2/p' | sed '/ __gnu_lto/d' \> conftest.nm
configure:6687: $? = 0
configure:6753: gcc -o conftest -g -O2   conftest.c conftstm.o >&5
configure:6756: $? = 0
configure:6794: result: ok
configure:6841: checking for sysroot
configure:6871: result: no
configure:6878: checking for a working dd
configure:6916: result: /usr/bin/dd
configure:6920: checking how to truncate binary pipes
configure:6935: result: /usr/bin/dd bs=4096 count=1
configure:7071: gcc -c -g -O2  conftest.c >&5
configure:7074: $? = 0
configure:7264: checking for mt
configure:7280: found /usr/bin/mt
configure:7291: result: mt
configure:7314: checking if mt is a manifest tool
configure:7320: mt '-?'
configure:7328: result: no
configure:8005: checking how to run the C preprocessor
configure:8036: gcc -E  conftest.c
configure:8036: $? = 0
configure:8050: gcc -E  conftest.c
conftest.c:11:10: fatal error: ac_nonexistent.h: No such file or directory
   11 | #include <ac_nonexistent.h>
      |          ^~~~~~~~~~~~~~~~~~
compilation terminated.
configure:8050: $? = 1
configure: failed program was:
| /* confdefs.h */
| #define PACKAGE_NAME "jansson"
| #define PACKAGE_TARNAME "jansson"
| #define PACKAGE_VERSION "2.13"
| #define PACKAGE_STRING "jansson 2.13"
| #define PACKAGE_BUGREPORT "https://github.com/akheron/jansson/issues"
| #define PACKAGE_URL ""
| #define PACKAGE "jansson"
| #define VERSION "2.13"
| /* end confdefs.h.  */
| #include <ac_nonexistent.h>
configure:8075: result: gcc -E
configure:8095: gcc -E  conftest.c
configure:8095: $? = 0
configure:8109: gcc -E  conftest.c
conftest.c:11:10: fatal error: ac_nonexistent.h: No such file or directory
   11 | #include <ac_nonexistent.h>
      |          ^~~~~~~~~~~~~~~~~~
compilation terminated.
configure:8109: $? = 1
configure: failed program was:
| /* confdefs.h */
| #define PACKAGE_NAME "jansson"
| #define PACKAGE_TARNAME "jansson"
| #define PACKAGE_VERSION "2.13"
| #define PACKAGE_STRING "jansson 2.13"
| #define PACKAGE_BUGREPORT "https://github.com/akheron/jansson/issues"
| #define PACKAGE_URL ""
| #define PACKAGE "jansson"
| #define VERSION "2.13"
| /* end confdefs.h.  */
| #include <ac_nonexistent.h>
configure:8138: checking for ANSI C header files
configure:8158: gcc -c -g -O2  conftest.c >&5
configure:8158: $? = 0
configure:8231: gcc -o conftest -g -O2   conftest.c  >&5
configure:8231: $? = 0
configure:8231: ./conftest
configure:8231: $? = 0
configure:8242: result: yes
configure:8255: checking for sys/types.h
configure:8255: gcc -c -g -O2  conftest.c >&5
configure:8255: $? = 0
configure:8255: result: yes
configure:8255: checking for sys/stat.h
configure:8255: gcc -c -g -O2  conftest.c >&5
configure:8255: $? = 0
configure:8255: result: yes
configure:8255: checking for stdlib.h
configure:8255: gcc -c -g -O2  conftest.c >&5
configure:8255: $? = 0
configure:8255: result: yes
configure:8255: checking for string.h
configure:8255: gcc -c -g -O2  conftest.c >&5
configure:8255: $? = 0
configure:8255: result: yes
configure:8255: checking for memory.h
configure:8255: gcc -c -g -O2  conftest.c >&5
configure:8255: $? = 0
configure:8255: result: yes
configure:8255: checking for strings.h
configure:8255: gcc -c -g -O2  conftest.c >&5
configure:8255: $? = 0
configure:8255: result: yes
configure:8255: checking for inttypes.h
configure:8255: gcc -c -g -O2  conftest.c >&5
configure:8255: $? = 0
configure:8255: result: yes
configure:8255: checking for stdint.h
configure:8255: gcc -c -g -O2  conftest.c >&5
configure:8255: $? = 0
configure:8255: result: yes
configure:8255: checking for unistd.h
configure:8255: gcc -c -g -O2  conftest.c >&5
configure:8255: $? = 0
configure:8255: result: yes
configure:8269: checking for dlfcn.h
configure:8269: gcc -c -g -O2  conftest.c >&5
configure:8269: $? = 0
configure:8269: result: yes
configure:8536: checking for objdir
configure:8551: result: .libs
configure:8811: checking if gcc supports -fno-rtti -fno-exceptions
configure:8829: gcc -c -g -O2  -fno-rtti -fno-exceptions conftest.c >&5
cc1: warning: command line option '-fno-rtti' is valid for C++/D/ObjC++ but not for C
configure:8833: $? = 0
configure:8846: result: no
configure:9204: checking for gcc option to produce PIC
configure:9211: result: -fPIC -DPIC
configure:9219: checking if gcc PIC flag -fPIC -DPIC works
configure:9237: gcc -c -g -O2  -fPIC -DPIC -DPIC conftest.c >&5
configure:9241: $? = 0
configure:9254: result: yes
configure:9283: checking if gcc static flag -static works
configure:9311: result: yes
configure:9326: checking if gcc supports -c -o file.o
configure:9347: gcc -c -g -O2  -o out/conftest2.o conftest.c >&5
configure:9351: $? = 0
configure:9373: result: yes
configure:9381: checking if gcc supports -c -o file.o
configure:9428: result: yes
configure:9461: checking whether the gcc linker (/usr/bin/ld -m elf_x86_64) supports shared libraries
configure:10722: result: yes
configure:10759: checking whether -lc should be explicitly linked in
configure:10767: gcc -c -g -O2  conftest.c >&5
configure:10770: $? = 0
configure:10785: gcc -shared  -fPIC -DPIC conftest.o  -v -Wl,-soname -Wl,conftest -o conftest 2\>\&1 \| /usr/bin/grep  -lc  \>/dev/null 2\>\&1
configure:10788: $? = 0
configure:10802: result: no
configure:10962: checking dynamic linker characteristics
configure:11543: gcc -o conftest -g -O2   -Wl,-rpath -Wl,/foo conftest.c  >&5
configure:11543: $? = 0
configure:11780: result: GNU/Linux ld.so
configure:11902: checking how to hardcode library paths into programs
configure:11927: result: immediate
configure:12475: checking whether stripping libraries is possible
configure:12484: result: yes
configure:12526: checking if libtool supports shared libraries
configure:12528: result: yes
configure:12531: checking whether to build shared libraries
configure:12556: result: yes
configure:12559: checking whether to build static libraries
configure:12563: result: yes
configure:9365: checking how to run the C++ preprocessor
configure:9392: g++ -E  conftest.cpp
configure:9392: $? = 0
configure:9406: g++ -E  conftest.cpp
conftest.cpp:23:10: fatal error: ac_nonexistent.h: No such file or directory
   23 | #include <ac_nonexistent.h>
      |          ^~~~~~~~~~~~~~~~~~
compilation terminated.
configure:9406: $? = 1
configure: failed program was:
| /* confdefs.h */
| #define PACKAGE_NAME "jansson"
| #define PACKAGE_TARNAME "jansson"
| #define PACKAGE_VERSION "2.13"
| #define PACKAGE_STRING "jansson 2.13"
| #define PACKAGE_BUGREPORT "https://github.com/akheron/jansson/issues"
| #define PACKAGE_URL ""
| #define PACKAGE "jansson"
| #define VERSION "2.13"
| #define STDC_HEADERS 1
| #define HAVE_SYS_TYPES_H 1
| #define HAVE_SYS_STAT_H 1
| #define HAVE_STDLIB_H 1
| #define HAVE_STRING_H 1
| #define HAVE_MEMORY_H 1
| #define HAVE_STRINGS_H 1
| #define HAVE_INTTYPES_H 1
| #define HAVE_STDINT_H 1
| #define HAVE_UNISTD_H 1
| #define HAVE_DLFCN_H 1
| #define LT_OBJDIR ".libs/"
| /* end confdefs.h.  */
| #include <ac_nonexistent.h>
configure:9431: result: g++ -E
configure:9451: g++ -E  conftest.cpp
configure:9451: $? = 0
configure:9465: g++ -E  conftest.cpp
conftest.cpp:23:10: fatal error: ac_nonexistent.h: No such file or directory
   23 | #include <ac_nonexistent.h>
      |          ^~~~~~~~~~~~~~~~~~
compilation terminated.
configure:9465: $? = 1
configure: failed program was:
| /* confdefs.h */
| #define PACKAGE_NAME "jansson"
| #define PACKAGE_TARNAME "jansson"
| #define PACKAGE_VERSION "2.13"
| #define PACKAGE_STRING "jansson 2.13"
| #define PACKAGE_BUGREPORT "https://github.com/akheron/jansson/issues"
| #define PACKAGE_URL ""
| #define PACKAGE "jansson"
| #define VERSION "2.13"
| #define STDC_HEADERS 1
| #define HAVE_SYS_TYPES_H 1
| #define HAVE_SYS_STAT_H 1
| #define HAVE_STDLIB_H 1
| #define HAVE_STRING_H 1
| #define HAVE_MEMORY_H 1
| #define HAVE_STRINGS_H 1
| #define HAVE_INTTYPES_H 1
| #define HAVE_STDINT_H 1
| #define HAVE_UNISTD_H 1
| #define HAVE_DLFCN_H 1
| #define LT_OBJDIR ".libs/"
| /* end confdefs.h.  */
| #include <ac_nonexistent.h>
configure:9627: checking for ld used by g++
configure:9694: result: /usr/bin/ld -m elf_x86_64
configure:9701: checking if the linker (/usr/bin/ld -m elf_x86_64) is GNU ld
configure:9716: result: yes
configure:9771: checking whether the g++ linker (/usr/bin/ld -m elf_x86_64) supports shared libraries
configure:10845: result: yes
configure:10881: g++ -c -g -O2  conftest.cpp >&5
configure:10884: $? = 0
configure:11365: checking for g++ option to produce PIC
configure:11372: result: -fPIC -DPIC
configure:11380: checking if g++ PIC flag -fPIC -DPIC works
configure:11398: g++ -c -g -O2  -fPIC -DPIC -DPIC conftest.cpp >&5
configure:11402: $? = 0
configure:11415: result: yes
configure:11438: checking if g++ static flag -static works
configure:11466: result: yes
configure:11478: checking if g++ supports -c -o file.o
configure:11499: g++ -c -g -O2  -o out/conftest2.o conftest.cpp >&5
configure:11503: $? = 0
configure:11525: result: yes
configure:11530: checking if g++ supports -c -o file.o
configure:11577: result: yes
configure:11607: checking whether the g++ linker (/usr/bin/ld -m elf_x86_64) supports shared libraries
configure:11647: result: yes
configure:11788: checking dynamic linker characteristics
configure:12533: result: GNU/Linux ld.so
configure:12598: checking how to hardcode library paths into programs
configure:12623: result: immediate
configure:11545: checking endian.h usability
configure:11545: gcc -c -g -O2  conftest.c >&5
configure:11545: $? = 0
configure:11545: result: yes
configure:11545: checking endian.h presence
configure:11545: gcc -E  conftest.c
configure:11545: $? = 0
configure:11545: result: yes
configure:11545: checking for endian.h
configure:11545: result: yes
configure:11545: checking fcntl.h usability
configure:11545: gcc -c -g -O2  conftest.c >&5
configure:11545: $? = 0
configure:11545: result: yes
configure:11545: checking fcntl.h presence
configure:11545: gcc -E  conftest.c
configure:11545: $? = 0
configure:11545: result: yes
configure:11545: checking for fcntl.h
configure:11545: result: yes
configure:11545: checking locale.h usability
configure:11545: gcc -c -g -O2  conftest.c >&5
configure:11545: $? = 0
configure:11545: result: yes
configure:11545: checking locale.h presence
configure:11545: gcc -E  conftest.c
configure:11545: $? = 0
configure:11545: result: yes
configure:11545: checking for locale.h
configure:11545: result: yes
configure:11545: checking sched.h usability
configure:11545: gcc -c -g -O2  conftest.c >&5
configure:11545: $? = 0
configure:11545: result: yes
configure:11545: checking sched.h presence
configure:11545: gcc -E  conftest.c
configure:11545: $? = 0
configure:11545: result: yes
configure:11545: checking for sched.h
configure:11545: result: yes
configure:11545: checking for unistd.h
configure:11545: result: yes
configure:11545: checking sys/param.h usability
configure:11545: gcc -c -g -O2  conftest.c >&5
configure:11545: $? = 0
configure:11545: result: yes
configure:11545: checking sys/param.h presence
configure:11545: gcc -E  conftest.c
configure:11545: $? = 0
configure:11545: result: yes
configure:11545: checking for sys/param.h
configure:11545: result: yes
configure:11545: checking for sys/stat.h
configure:11545: result: yes
configure:11545: checking sys/time.h usability
configure:11545: gcc -c -g -O2  conftest.c >&5
configure:11545: $? = 0
configure:11545: result: yes
configure:11545: checking sys/time.h presence
configure:11545: gcc -E  conftest.c
configure:11545: $? = 0
configure:11545: result: yes
configure:11545: checking for sys/time.h
configure:11545: result: yes
configure:11545: checking for sys/types.h
configure:11545: result: yes
configure:11557: checking for int32_t
configure:11557: gcc -c -g -O2  conftest.c >&5
configure:11557: $? = 0
configure:11557: gcc -c -g -O2  conftest.c >&5
conftest.c: In function 'main':
conftest.c:70:53: warning: integer overflow in expression of type 'int' results in '-2147483648' [-Woverflow]
   70 |    < (int32_t) (((((int32_t) 1 << N) << N) - 1) * 2 + 2))];
      |                                                     ^
conftest.c:69:12: error: storage size of 'test_array' isn't constant
   69 | static int test_array [1 - 2 * !((int32_t) (((((int32_t) 1 << N) << N) - 1) * 2 + 1)
      |            ^~~~~~~~~~
configure:11557: $? = 1
configure: failed program was:
| /* confdefs.h */
| #define PACKAGE_NAME "jansson"
| #define PACKAGE_TARNAME "jansson"
| #define PACKAGE_VERSION "2.13"
| #define PACKAGE_STRING "jansson 2.13"
| #define PACKAGE_BUGREPORT "https://github.com/akheron/jansson/issues"
| #define PACKAGE_URL ""
| #define PACKAGE "jansson"
| #define VERSION "2.13"
| #define STDC_HEADERS 1
| #define HAVE_SYS_TYPES_H 1
| #define HAVE_SYS_STAT_H 1
| #define HAVE_STDLIB_H 1
| #define HAVE_STRING_H 1
| #define HAVE_MEMORY_H 1
| #define HAVE_STRINGS_H 1
| #define HAVE_INTTYPES_H 1
| #define HAVE_STDINT_H 1
| #define HAVE_UNISTD_H 1
| #define HAVE_DLFCN_H 1
| #define LT_OBJDIR ".libs/"
| #define HAVE_ENDIAN_H 1
| #define HAVE_FCNTL_H 1
| #define HAVE_LOCALE_H 1
| #define HAVE_SCHED_H 1
| #define HAVE_UNISTD_H 1
| #define HAVE_SYS_PARAM_H 1
| #define HAVE_SYS_STAT_H 1
| #define HAVE_SYS_TIME_H 1
| #define HAVE_SYS_TYPES_H 1
| /* end confdefs.h.  */
| #include <stdio.h>
| #ifdef HAVE_SYS_TYPES_H
| # include <sys/types.h>
| #endif
| #ifdef HAVE_SYS_STAT_H
| # include <sys/stat.h>
| #endif
| #ifdef STDC_HEADERS
| # include <stdlib.h>
| # include <stddef.h>
| #else
| # ifdef HAVE_STDLIB_H
| #  include <stdlib.h>
| # endif
| #endif
| #ifdef HAVE_STRING_H
| # if !defined STDC_HEADERS && defined HAVE_MEMORY_H
| #  include <memory.h>
| # endif
| # include <string.h>
| #endif
| #ifdef HAVE_STRINGS_H
| # include <strings.h>
| #endif
| #ifdef HAVE_INTTYPES_H
| # include <inttypes.h>
| #endif
| #ifdef HAVE_STDINT_H
| # include <stdint.h>
| #endif
| #ifdef HAVE_UNISTD_H
| # include <unistd.h>
| #endif
| 	        enum { N = 32 / 2 - 1 };
| int
| main ()
| {
| static int test_array [1 - 2 * !((int32_t) (((((int32_t) 1 << N) << N) - 1) * 2 + 1)
| 		 < (int32_t) (((((int32_t) 1 << N) << N) - 1) * 2 + 2))];
| test_array [0] = 0;
| return test_array [0];
| 
|   ;
|   return 0;
| }
configure:11557: result: yes
configure:11568: checking for uint32_t
configure:11568: gcc -c -g -O2  conftest.c >&5
configure:11568: $? = 0
configure:11568: result: yes
configure:11582: checking for uint16_t
configure:11582: gcc -c -g -O2  conftest.c >&5
configure:11582: $? = 0
configure:11582: result: yes
configure:11594: checking for uint8_t
configure:11594: gcc -c -g -O2  conftest.c >&5
configure:11594: $? = 0
configure:11594: result: yes
configure:11609: checking for unsigned long long int
configure:11648: gcc -o conftest -g -O2   conftest.c  >&5
configure:11648: $? = 0
configure:11657: result: yes
configure:11667: checking for long long int
configure:11705: gcc -o conftest -g -O2   conftest.c  >&5
configure:11705: $? = 0
configure:11705: ./conftest
configure:11705: $? = 0
configure:11717: result: yes
configure:11726: checking for inline
configure:11742: gcc -c -g -O2  conftest.c >&5
configure:11742: $? = 0
configure:11750: result: inline
configure:11779: checking for close
configure:11779: gcc -o conftest -g -O2   conftest.c  >&5
configure:11779: $? = 0
configure:11779: result: yes
configure:11779: checking for getpid
configure:11779: gcc -o conftest -g -O2   conftest.c  >&5
configure:11779: $? = 0
configure:11779: result: yes
configure:11779: checking for gettimeofday
configure:11779: gcc -o conftest -g -O2   conftest.c  >&5
configure:11779: $? = 0
configure:11779: result: yes
configure:11779: checking for localeconv
configure:11779: gcc -o conftest -g -O2   conftest.c  >&5
configure:11779: $? = 0
configure:11779: result: yes
configure:11779: checking for open
configure:11779: gcc -o conftest -g -O2   conftest.c  >&5
configure:11779: $? = 0
configure:11779: result: yes
configure:11779: checking for read
configure:11779: gcc -o conftest -g -O2   conftest.c  >&5
configure:11779: $? = 0
configure:11779: result: yes
configure:11779: checking for sched_yield
configure:11779: gcc -o conftest -g -O2   conftest.c  >&5
configure:11779: $? = 0
configure:11779: result: yes
configure:11779: checking for strtoll
configure:11779: gcc -o conftest -g -O2   conftest.c  >&5
configure:11779: $? = 0
configure:11779: result: yes
configure:11789: checking for gcc __sync builtins
configure:11803: gcc -o conftest -g -O2   conftest.c  >&5
configure:11803: $? = 0
configure:11817: result: yes
configure:11820: checking for gcc __atomic builtins
configure:11834: gcc -o conftest -g -O2   conftest.c  >&5
configure:11834: $? = 0
configure:11848: result: yes
configure:11914: checking for -Bsymbolic-functions linker flag
configure:11929: gcc -o conftest -g -O2  -Wl,-Bsymbolic-functions conftest.c  >&5
configure:11929: $? = 0
configure:11930: result: yes
configure:11994: checking for -Wno-format-truncation
configure:11998: result: yes
configure:12113: checking that generated files are newer than configure
configure:12119: result: done
configure:12162: creating ./config.status

## ---------------------- ##
## Running config.status. ##
## ---------------------- ##

This file was extended by jansson config.status 2.13, which was
generated by GNU Autoconf 2.69.  Invocation command line was

  CONFIG_FILES    = 
  CONFIG_HEADERS  = 
  CONFIG_LINKS    = 
  CONFIG_COMMANDS = 
  $ ./config.status 

on final-bgp-monitor

config.status:1192: creating jansson.pc
config.status:1192: creating Makefile
config.status:1192: creating doc/Makefile
config.status:1192: creating src/Makefile
config.status:1192: creating src/jansson_config.h
config.status:1192: creating test/Makefile
config.status:1192: creating test/bin/Makefile
config.status:1192: creating test/ossfuzz/Makefile
config.status:1192: creating test/suites/Makefile
config.status:1192: creating test/suites/api/Makefile
config.status:1192: creating jansson_private_config.h
config.status:1421: executing depfiles commands
config.status:1498: cd src       && sed -e '/# am--include-marker/d' Makefile         | make -f - am--depfiles
config.status:1503: $? = 0
config.status:1498: cd test/bin       && sed -e '/# am--include-marker/d' Makefile         | make -f - am--depfiles
config.status:1503: $? = 0
config.status:1498: cd test/ossfuzz       && sed -e '/# am--include-marker/d' Makefile         | make -f - am--depfiles
config.status:1503: $? = 0
config.status:1498: cd test/suites/api       && sed -e '/# am--include-marker/d' Makefile         | make -f - am--depfiles
config.status:1503: $? = 0
config.status:1421: executing libtool commands

## ---------------- ##
## Cache variables. ##
## ---------------- ##

ac_cv_build=x86_64-pc-linux-gnu
ac_cv_c_compiler_gnu=yes
ac_cv_c_inline=inline
ac_cv_c_int32_t=yes
ac_cv_c_uint16_t=yes
ac_cv_c_uint32_t=yes
ac_cv_c_uint8_t=yes
ac_cv_cxx_compiler_gnu=yes
ac_cv_env_CCC_set=
ac_cv_env_CCC_value=
ac_cv_env_CC_set=
ac_cv_env_CC_value=
ac_cv_env_CFLAGS_set=
ac_cv_env_CFLAGS_value=
ac_cv_env_CPPFLAGS_set=
ac_cv_env_CPPFLAGS_value=
ac_cv_env_CPP_set=
ac_cv_env_CPP_value=
ac_cv_env_CXXCPP_set=
ac_cv_env_CXXCPP_value=
ac_cv_env_CXXFLAGS_set=
ac_cv_env_CXXFLAGS_value=
ac_cv_env_CXX_set=
ac_cv_env_CXX_value=
ac_cv_env_LDFLAGS_set=
ac_cv_env_LDFLAGS_value=
ac_cv_env_LIBS_set=
ac_cv_env_LIBS_value=
ac_cv_env_LT_SYS_LIBRARY_PATH_set=
ac_cv_env_LT_SYS_LIBRARY_PATH_value=
ac_cv_env_build_alias_set=
ac_cv_env_build_alias_value=
ac_cv_env_host_alias_set=
ac_cv_env_host_alias_value=
ac_cv_env_target_alias_set=
ac_cv_env_target_alias_value=
ac_cv_func_close=yes
ac_cv_func_getpid=yes
ac_cv_func_gettimeofday=yes
ac_cv_func_localeconv=yes
ac_cv_func_open=yes
ac_cv_func_read=yes
ac_cv_func_sched_yield=yes
ac_cv_func_strtoll=yes
ac_cv_header_dlfcn_h=yes
ac_cv_header_endian_h=yes
ac_cv_header_fcntl_h=yes
ac_cv_header_inttypes_h=yes
ac_cv_header_locale_h=yes
ac_cv_header_memory_h=yes
ac_cv_header_sched_h=yes
ac_cv_header_stdc=yes
ac_cv_header_stdint_h=yes
ac_cv_header_stdlib_h=yes
ac_cv_header_string_h=yes
ac_cv_header_strings_h=yes
ac_cv_header_sys_param_h=yes
ac_cv_header_sys_stat_h=yes
ac_cv_header_sys_time_h=yes
ac_cv_header_sys_types_h=yes
ac_cv_header_unistd_h=yes
ac_cv_host=x86_64-pc-linux-gnu
ac_cv_objext=o
ac_cv_path_EGREP='/usr/bin/grep -E'
ac_cv_path_FGREP='/usr/bin/grep -F'
ac_cv_path_GREP=/usr/bin/grep
ac_cv_path_SED=/usr/bin/sed
ac_cv_path_install='/usr/bin/install -c'
ac_cv_path_lt_DD=/usr/bin/dd
ac_cv_path_mkdir=/usr/bin/mkdir
ac_cv_prog_AWK=gawk
ac_cv_prog_CPP='gcc -E'
ac_cv_prog_CXXCPP='g++ -E'
ac_cv_prog_ac_ct_AR=ar
ac_cv_prog_ac_ct_CC=gcc
ac_cv_prog_ac_ct_CXX=g++
ac_cv_prog_ac_ct_MANIFEST_TOOL=mt
ac_cv_prog_ac_ct_OBJDUMP=objdump
ac_cv_prog_ac_ct_RANLIB=ranlib
ac_cv_prog_ac_ct_STRIP=strip
ac_cv_prog_cc_c89=
ac_cv_prog_cc_g=yes
ac_cv_prog_cxx_g=yes
ac_cv_prog_make_make_set=yes
ac_cv_type_long_long_int=yes
ac_cv_type_unsigned_long_long_int=yes
am_cv_CC_dependencies_compiler_type=gcc3
am_cv_CXX_dependencies_compiler_type=gcc3
am_cv_make_support_nested_variables=yes
am_cv_prog_cc_c_o=yes
lt_cv_ar_at_file=@
lt_cv_archive_cmds_need_lc=no
lt_cv_deplibs_check_method=pass_all
lt_cv_file_magic_cmd='$MAGIC_CMD'
lt_cv_file_magic_test_file=
lt_cv_ld_reload_flag=-r
lt_cv_nm_interface='BSD nm'
lt_cv_objdir=.libs
lt_cv_path_LD=/usr/bin/ld
lt_cv_path_LDCXX='/usr/bin/ld -m elf_x86_64'
lt_cv_path_NM='/usr/bin/nm -B'
lt_cv_path_mainfest_tool=no
lt_cv_prog_compiler_c_o=yes
lt_cv_prog_compiler_c_o_CXX=yes
lt_cv_prog_compiler_pic='-fPIC -DPIC'
lt_cv_prog_compiler_pic_CXX='-fPIC -DPIC'
lt_cv_prog_compiler_pic_works=yes
lt_cv_prog_compiler_pic_works_CXX=yes
lt_cv_prog_compiler_rtti_exceptions=no
lt_cv_prog_compiler_static_works=yes
lt_cv_prog_compiler_static_works_CXX=yes
lt_cv_prog_gnu_ld=yes
lt_cv_prog_gnu_ldcxx=yes
lt_cv_sharedlib_from_linklib_cmd='printf %s\n'
lt_cv_shlibpath_overrides_runpath=yes
lt_cv_sys_global_symbol_pipe='sed -n -e '\''s/^.*[	 ]\([ABCDGIRSTW][ABCDGIRSTW]*\)[	 ][	 ]*\([_A-Za-z][_A-Za-z0-9]*\)$/\1 \2 \2/p'\'' | sed '\''/ __gnu_lto/d'\'''
lt_cv_sys_global_symbol_to_c_name_address='sed -n -e '\''s/^: \(.*\) .*$/  {"\1", (void *) 0},/p'\'' -e '\''s/^[ABCDGIRSTW][ABCDGIRSTW]* .* \(.*\)$/  {"\1", (void *) \&\1},/p'\'''
lt_cv_sys_global_symbol_to_c_name_address_lib_prefix='sed -n -e '\''s/^: \(.*\) .*$/  {"\1", (void *) 0},/p'\'' -e '\''s/^[ABCDGIRSTW][ABCDGIRSTW]* .* \(lib.*\)$/  {"\1", (void *) \&\1},/p'\'' -e '\''s/^[ABCDGIRSTW][ABCDGIRSTW]* .* \(.*\)$/  {"lib\1", (void *) \&\1},/p'\'''
lt_cv_sys_global_symbol_to_cdecl='sed -n -e '\''s/^T .* \(.*\)$/extern int \1();/p'\'' -e '\''s/^[ABCDGIRSTW][ABCDGIRSTW]* .* \(.*\)$/extern char \1;/p'\'''
lt_cv_sys_global_symbol_to_import=
lt_cv_sys_max_cmd_len=1572864
lt_cv_to_host_file_cmd=func_convert_file_noop
lt_cv_to_tool_file_cmd=func_convert_file_noop
lt_cv_truncate_bin='/usr/bin/dd bs=4096 count=1'

## ----------------- ##
## Output variables. ##
## ----------------- ##

ACLOCAL='${SHELL} /usr/local/jansson-2.13/missing aclocal-1.16'
AMDEPBACKSLASH='\'
AMDEP_FALSE='#'
AMDEP_TRUE=''
AMTAR='$${TAR-tar}'
AM_BACKSLASH='\'
AM_CFLAGS='-Wall -Wextra -Wdeclaration-after-statement -Wshadow -Wno-format-truncation'
AM_DEFAULT_V='$(AM_DEFAULT_VERBOSITY)'
AM_DEFAULT_VERBOSITY='1'
AM_V='$(V)'
AR='ar'
AUTOCONF='${SHELL} /usr/local/jansson-2.13/missing autoconf'
AUTOHEADER='${SHELL} /usr/local/jansson-2.13/missing autoheader'
AUTOMAKE='${SHELL} /usr/local/jansson-2.13/missing automake-1.16'
AWK='gawk'
CC='gcc'
CCDEPMODE='depmode=gcc3'
CFLAGS='-g -O2'
CPP='gcc -E'
CPPFLAGS=''
CXX='g++'
CXXCPP='g++ -E'
CXXDEPMODE='depmode=gcc3'
CXXFLAGS='-g -O2'
CYGPATH_W='echo'
DEFS='-DHAVE_CONFIG_H'
DEPDIR='.deps'
DLLTOOL='false'
DSYMUTIL=''
DUMPBIN=''
ECHO_C=''
ECHO_N='-n'
ECHO_T=''
EGREP='/usr/bin/grep -E'
EXEEXT=''
FGREP='/usr/bin/grep -F'
GCC_FALSE='#'
GCC_TRUE=''
GREP='/usr/bin/grep'
INSTALL_DATA='${INSTALL} -m 644'
INSTALL_PROGRAM='${INSTALL}'
INSTALL_SCRIPT='${INSTALL}'
INSTALL_STRIP_PROGRAM='$(install_sh) -c -s'
JSON_BSYMBOLIC_LDFLAGS='-Wl,-Bsymbolic-functions'
LD='/usr/bin/ld -m elf_x86_64'
LDFLAGS=''
LIBOBJS=''
LIBS=''
LIBTOOL='$(SHELL) $(top_builddir)/libtool'
LIB_FUZZING_ENGINE=''
LIPO=''
LN_S='ln -s'
LTLIBOBJS=''
LT_SYS_LIBRARY_PATH=''
MAKEINFO='${SHELL} /usr/local/jansson-2.13/missing makeinfo'
MANIFEST_TOOL=':'
MKDIR_P='/usr/bin/mkdir -p'
NM='/usr/bin/nm -B'
NMEDIT=''
OBJDUMP='objdump'
OBJEXT='o'
OTOOL64=''
OTOOL=''
PACKAGE='jansson'
PACKAGE_BUGREPORT='https://github.com/akheron/jansson/issues'
PACKAGE_NAME='jansson'
PACKAGE_STRING='jansson 2.13'
PACKAGE_TARNAME='jansson'
PACKAGE_URL=''
PACKAGE_VERSION='2.13'
PATH_SEPARATOR=':'
RANLIB='ranlib'
SED='/usr/bin/sed'
SET_MAKE=''
SHELL='/bin/bash'
STRIP='strip'
USE_OSSFUZZERS_FALSE=''
USE_OSSFUZZERS_TRUE='#'
USE_OSSFUZZ_FLAG_FALSE=''
USE_OSSFUZZ_FLAG_TRUE='#'
USE_OSSFUZZ_STATIC_FALSE=''
USE_OSSFUZZ_STATIC_TRUE='#'
VERSION='2.13'
ac_ct_AR='ar'
ac_ct_CC='gcc'
ac_ct_CXX='g++'
ac_ct_DUMPBIN=''
am__EXEEXT_FALSE=''
am__EXEEXT_TRUE='#'
am__fastdepCC_FALSE='#'
am__fastdepCC_TRUE=''
am__fastdepCXX_FALSE='#'
am__fastdepCXX_TRUE=''
am__include='include'
am__isrc=''
am__leading_dot='.'
am__nodep='_no'
am__quote=''
am__tar='$${TAR-tar} chof - "$$tardir"'
am__untar='$${TAR-tar} xf -'
bindir='${exec_prefix}/bin'
build='x86_64-pc-linux-gnu'
build_alias=''
build_cpu='x86_64'
build_os='linux-gnu'
build_vendor='pc'
datadir='${datarootdir}'
datarootdir='${prefix}/share'
docdir='${datarootdir}/doc/${PACKAGE_TARNAME}'
dvidir='${docdir}'
exec_prefix='${prefix}'
host='x86_64-pc-linux-gnu'
host_alias=''
host_cpu='x86_64'
host_os='linux-gnu'
host_vendor='pc'
htmldir='${docdir}'
includedir='${prefix}/include'
infodir='${datarootdir}/info'
install_sh='${SHELL} /usr/local/jansson-2.13/install-sh'
json_have_atomic_builtins='1'
json_have_localeconv='1'
json_have_long_long='1'
json_have_sync_builtins='1'
json_inline='inline'
libdir='${exec_prefix}/lib'
libexecdir='${exec_prefix}/libexec'
localedir='${datarootdir}/locale'
localstatedir='${prefix}/var'
mandir='${datarootdir}/man'
mkdir_p='$(MKDIR_P)'
oldincludedir='/usr/include'
pdfdir='${docdir}'
prefix='/usr/local'
program_transform_name='s,x,x,'
psdir='${docdir}'
sbindir='${exec_prefix}/sbin'
sharedstatedir='${prefix}/com'
sysconfdir='${prefix}/etc'
target_alias=''

## ----------- ##
## confdefs.h. ##
## ----------- ##

/* confdefs.h */
#define PACKAGE_NAME "jansson"
#define PACKAGE_TARNAME "jansson"
#define PACKAGE_VERSION "2.13"
#define PACKAGE_STRING "jansson 2.13"
#define PACKAGE_BUGREPORT "https://github.com/akheron/jansson/issues"
#define PACKAGE_URL ""
#define PACKAGE "jansson"
#define VERSION "2.13"
#define STDC_HEADERS 1
#define HAVE_SYS_TYPES_H 1
#define HAVE_SYS_STAT_H 1
#define HAVE_STDLIB_H 1
#define HAVE_STRING_H 1
#define HAVE_MEMORY_H 1
#define HAVE_STRINGS_H 1
#define HAVE_INTTYPES_H 1
#define HAVE_STDINT_H 1
#define HAVE_UNISTD_H 1
#define HAVE_DLFCN_H 1
#define LT_OBJDIR ".libs/"
#define HAVE_ENDIAN_H 1
#define HAVE_FCNTL_H 1
#define HAVE_LOCALE_H 1
#define HAVE_SCHED_H 1
#define HAVE_UNISTD_H 1
#define HAVE_SYS_PARAM_H 1
#define HAVE_SYS_STAT_H 1
#define HAVE_SYS_TIME_H 1
#define HAVE_SYS_TYPES_H 1
#define HAVE_UNSIGNED_LONG_LONG_INT 1
#define HAVE_LONG_LONG_INT 1
#define HAVE_CLOSE 1
#define HAVE_GETPID 1
#define HAVE_GETTIMEOFDAY 1
#define HAVE_LOCALECONV 1
#define HAVE_OPEN 1
#define HAVE_READ 1
#define HAVE_SCHED_YIELD 1
#define HAVE_STRTOLL 1
#define HAVE_SYNC_BUILTINS 1
#define HAVE_ATOMIC_BUILTINS 1
#define USE_URANDOM 1
#define USE_WINDOWS_CRYPTOAPI 1
#define INITIAL_HASHTABLE_ORDER 3

configure: exit 0
